{"/Users/stefano/src/SillyTavern-Launcher/SillyTavern/public/scripts/extensions/third-party/CacheFriendlyMemory/global.d.ts": {"path":"/Users/stefano/src/SillyTavern-Launcher/SillyTavern/public/scripts/extensions/third-party/CacheFriendlyMemory/global.d.ts","all":true,"statementMap":{"0":{"start":{"line":1,"column":0},"end":{"line":1,"column":10}},"1":{"start":{"line":2,"column":0},"end":{"line":2,"column":0}},"2":{"start":{"line":3,"column":0},"end":{"line":3,"column":35}},"3":{"start":{"line":4,"column":0},"end":{"line":4,"column":28}},"4":{"start":{"line":5,"column":0},"end":{"line":5,"column":0}},"5":{"start":{"line":6,"column":0},"end":{"line":6,"column":16}},"6":{"start":{"line":7,"column":0},"end":{"line":7,"column":22}},"7":{"start":{"line":8,"column":0},"end":{"line":8,"column":31}},"8":{"start":{"line":9,"column":0},"end":{"line":9,"column":29}},"9":{"start":{"line":10,"column":0},"end":{"line":10,"column":38}},"10":{"start":{"line":11,"column":0},"end":{"line":11,"column":51}},"11":{"start":{"line":12,"column":0},"end":{"line":12,"column":33}},"12":{"start":{"line":13,"column":0},"end":{"line":13,"column":10}},"13":{"start":{"line":14,"column":0},"end":{"line":14,"column":5}},"14":{"start":{"line":15,"column":0},"end":{"line":15,"column":1}}},"s":{"0":0,"1":0,"2":0,"3":0,"4":0,"5":0,"6":0,"7":0,"8":0,"9":0,"10":0,"11":0,"12":0,"13":0,"14":0},"branchMap":{"0":{"type":"branch","line":1,"loc":{"start":{"line":1,"column":0},"end":{"line":15,"column":-246}},"locations":[{"start":{"line":1,"column":0},"end":{"line":15,"column":-246}}]}},"b":{"0":[0]},"fnMap":{"0":{"name":"(empty-report)","decl":{"start":{"line":1,"column":0},"end":{"line":15,"column":-246}},"loc":{"start":{"line":1,"column":0},"end":{"line":15,"column":-246}},"line":1}},"f":{"0":0}}
,"/Users/stefano/src/SillyTavern-Launcher/SillyTavern/public/scripts/extensions/third-party/CacheFriendlyMemory/src/compression.js": {"path":"/Users/stefano/src/SillyTavern-Launcher/SillyTavern/public/scripts/extensions/third-party/CacheFriendlyMemory/src/compression.js","all":false,"statementMap":{"0":{"start":{"line":1,"column":0},"end":{"line":1,"column":81}},"1":{"start":{"line":2,"column":0},"end":{"line":2,"column":55}},"2":{"start":{"line":3,"column":0},"end":{"line":3,"column":82}},"3":{"start":{"line":4,"column":0},"end":{"line":4,"column":65}},"4":{"start":{"line":5,"column":0},"end":{"line":5,"column":73}},"5":{"start":{"line":6,"column":0},"end":{"line":6,"column":63}},"6":{"start":{"line":7,"column":0},"end":{"line":7,"column":105}},"7":{"start":{"line":8,"column":0},"end":{"line":8,"column":49}},"8":{"start":{"line":9,"column":0},"end":{"line":9,"column":53}},"9":{"start":{"line":10,"column":0},"end":{"line":10,"column":44}},"10":{"start":{"line":11,"column":0},"end":{"line":11,"column":0}},"11":{"start":{"line":12,"column":0},"end":{"line":12,"column":42}},"12":{"start":{"line":13,"column":0},"end":{"line":13,"column":34}},"13":{"start":{"line":14,"column":0},"end":{"line":14,"column":0}},"14":{"start":{"line":15,"column":0},"end":{"line":15,"column":43}},"15":{"start":{"line":16,"column":0},"end":{"line":16,"column":37}},"16":{"start":{"line":17,"column":0},"end":{"line":17,"column":19}},"17":{"start":{"line":18,"column":0},"end":{"line":18,"column":77}},"18":{"start":{"line":19,"column":0},"end":{"line":19,"column":21}},"19":{"start":{"line":20,"column":0},"end":{"line":20,"column":5}},"20":{"start":{"line":21,"column":0},"end":{"line":21,"column":0}},"21":{"start":{"line":22,"column":0},"end":{"line":22,"column":33}},"22":{"start":{"line":23,"column":0},"end":{"line":23,"column":36}},"23":{"start":{"line":24,"column":0},"end":{"line":24,"column":0}},"24":{"start":{"line":25,"column":0},"end":{"line":25,"column":57}},"25":{"start":{"line":26,"column":0},"end":{"line":26,"column":0}},"26":{"start":{"line":27,"column":0},"end":{"line":27,"column":66}},"27":{"start":{"line":28,"column":0},"end":{"line":28,"column":66}},"28":{"start":{"line":29,"column":0},"end":{"line":29,"column":56}},"29":{"start":{"line":30,"column":0},"end":{"line":30,"column":0}},"30":{"start":{"line":31,"column":0},"end":{"line":31,"column":54}},"31":{"start":{"line":32,"column":0},"end":{"line":32,"column":54}},"32":{"start":{"line":33,"column":0},"end":{"line":33,"column":0}},"33":{"start":{"line":34,"column":0},"end":{"line":34,"column":75}},"34":{"start":{"line":35,"column":0},"end":{"line":35,"column":26}},"35":{"start":{"line":36,"column":0},"end":{"line":36,"column":20}},"36":{"start":{"line":37,"column":0},"end":{"line":37,"column":23}},"37":{"start":{"line":38,"column":0},"end":{"line":38,"column":25}},"38":{"start":{"line":39,"column":0},"end":{"line":39,"column":25}},"39":{"start":{"line":40,"column":0},"end":{"line":40,"column":19}},"40":{"start":{"line":41,"column":0},"end":{"line":41,"column":7}},"41":{"start":{"line":42,"column":0},"end":{"line":42,"column":0}},"42":{"start":{"line":43,"column":0},"end":{"line":43,"column":43}},"43":{"start":{"line":44,"column":0},"end":{"line":44,"column":26}},"44":{"start":{"line":45,"column":0},"end":{"line":45,"column":20}},"45":{"start":{"line":46,"column":0},"end":{"line":46,"column":23}},"46":{"start":{"line":47,"column":0},"end":{"line":47,"column":25}},"47":{"start":{"line":48,"column":0},"end":{"line":48,"column":25}},"48":{"start":{"line":49,"column":0},"end":{"line":49,"column":19}},"49":{"start":{"line":50,"column":0},"end":{"line":50,"column":6}},"50":{"start":{"line":51,"column":0},"end":{"line":51,"column":0}},"51":{"start":{"line":52,"column":0},"end":{"line":52,"column":80}},"52":{"start":{"line":53,"column":0},"end":{"line":53,"column":0}},"53":{"start":{"line":54,"column":0},"end":{"line":54,"column":18}},"54":{"start":{"line":55,"column":0},"end":{"line":55,"column":1}},"55":{"start":{"line":56,"column":0},"end":{"line":56,"column":0}},"56":{"start":{"line":57,"column":0},"end":{"line":57,"column":43}},"57":{"start":{"line":58,"column":0},"end":{"line":58,"column":37}},"58":{"start":{"line":59,"column":0},"end":{"line":59,"column":19}},"59":{"start":{"line":60,"column":0},"end":{"line":60,"column":77}},"60":{"start":{"line":61,"column":0},"end":{"line":61,"column":15}},"61":{"start":{"line":62,"column":0},"end":{"line":62,"column":5}},"62":{"start":{"line":63,"column":0},"end":{"line":63,"column":0}},"63":{"start":{"line":64,"column":0},"end":{"line":64,"column":53}},"64":{"start":{"line":65,"column":0},"end":{"line":65,"column":0}},"65":{"start":{"line":66,"column":0},"end":{"line":66,"column":33}},"66":{"start":{"line":67,"column":0},"end":{"line":67,"column":30}},"67":{"start":{"line":68,"column":0},"end":{"line":68,"column":0}},"68":{"start":{"line":69,"column":0},"end":{"line":69,"column":57}},"69":{"start":{"line":70,"column":0},"end":{"line":70,"column":55}},"70":{"start":{"line":71,"column":0},"end":{"line":71,"column":6}},"71":{"start":{"line":72,"column":0},"end":{"line":72,"column":0}},"72":{"start":{"line":73,"column":0},"end":{"line":73,"column":70}},"73":{"start":{"line":74,"column":0},"end":{"line":74,"column":85}},"74":{"start":{"line":75,"column":0},"end":{"line":75,"column":152}},"75":{"start":{"line":76,"column":0},"end":{"line":76,"column":0}},"76":{"start":{"line":77,"column":0},"end":{"line":77,"column":44}},"77":{"start":{"line":78,"column":0},"end":{"line":78,"column":60}},"78":{"start":{"line":79,"column":0},"end":{"line":79,"column":15}},"79":{"start":{"line":80,"column":0},"end":{"line":80,"column":5}},"80":{"start":{"line":81,"column":0},"end":{"line":81,"column":0}},"81":{"start":{"line":82,"column":0},"end":{"line":82,"column":64}},"82":{"start":{"line":83,"column":0},"end":{"line":83,"column":68}},"83":{"start":{"line":84,"column":0},"end":{"line":84,"column":0}},"84":{"start":{"line":85,"column":0},"end":{"line":85,"column":35}},"85":{"start":{"line":86,"column":0},"end":{"line":86,"column":95}},"86":{"start":{"line":87,"column":0},"end":{"line":87,"column":0}},"87":{"start":{"line":88,"column":0},"end":{"line":88,"column":116}},"88":{"start":{"line":89,"column":0},"end":{"line":89,"column":0}},"89":{"start":{"line":90,"column":0},"end":{"line":90,"column":55}},"90":{"start":{"line":91,"column":0},"end":{"line":91,"column":0}},"91":{"start":{"line":92,"column":0},"end":{"line":92,"column":109}},"92":{"start":{"line":93,"column":0},"end":{"line":93,"column":40}},"93":{"start":{"line":94,"column":0},"end":{"line":94,"column":79}},"94":{"start":{"line":95,"column":0},"end":{"line":95,"column":0}},"95":{"start":{"line":96,"column":0},"end":{"line":96,"column":66}},"96":{"start":{"line":97,"column":0},"end":{"line":97,"column":34}},"97":{"start":{"line":98,"column":0},"end":{"line":98,"column":49}},"98":{"start":{"line":99,"column":0},"end":{"line":99,"column":18}},"99":{"start":{"line":100,"column":0},"end":{"line":100,"column":9}},"100":{"start":{"line":101,"column":0},"end":{"line":101,"column":0}},"101":{"start":{"line":102,"column":0},"end":{"line":102,"column":109}},"102":{"start":{"line":103,"column":0},"end":{"line":103,"column":82}},"103":{"start":{"line":104,"column":0},"end":{"line":104,"column":0}},"104":{"start":{"line":105,"column":0},"end":{"line":105,"column":51}},"105":{"start":{"line":106,"column":0},"end":{"line":106,"column":0}},"106":{"start":{"line":107,"column":0},"end":{"line":107,"column":22}},"107":{"start":{"line":108,"column":0},"end":{"line":108,"column":65}},"108":{"start":{"line":109,"column":0},"end":{"line":109,"column":43}},"109":{"start":{"line":110,"column":0},"end":{"line":110,"column":30}},"110":{"start":{"line":111,"column":0},"end":{"line":111,"column":58}},"111":{"start":{"line":112,"column":0},"end":{"line":112,"column":71}},"112":{"start":{"line":113,"column":0},"end":{"line":113,"column":30}},"113":{"start":{"line":114,"column":0},"end":{"line":114,"column":38}},"114":{"start":{"line":115,"column":0},"end":{"line":115,"column":56}},"115":{"start":{"line":116,"column":0},"end":{"line":116,"column":15}},"116":{"start":{"line":117,"column":0},"end":{"line":117,"column":0}},"117":{"start":{"line":118,"column":0},"end":{"line":118,"column":102}},"118":{"start":{"line":119,"column":0},"end":{"line":119,"column":42}},"119":{"start":{"line":120,"column":0},"end":{"line":120,"column":61}},"120":{"start":{"line":121,"column":0},"end":{"line":121,"column":134}},"121":{"start":{"line":122,"column":0},"end":{"line":122,"column":13}},"122":{"start":{"line":123,"column":0},"end":{"line":123,"column":0}},"123":{"start":{"line":124,"column":0},"end":{"line":124,"column":51}},"124":{"start":{"line":125,"column":0},"end":{"line":125,"column":27}},"125":{"start":{"line":126,"column":0},"end":{"line":126,"column":145}},"126":{"start":{"line":127,"column":0},"end":{"line":127,"column":16}},"127":{"start":{"line":128,"column":0},"end":{"line":128,"column":70}},"128":{"start":{"line":129,"column":0},"end":{"line":129,"column":18}},"129":{"start":{"line":130,"column":0},"end":{"line":130,"column":9}},"130":{"start":{"line":131,"column":0},"end":{"line":131,"column":5}},"131":{"start":{"line":132,"column":0},"end":{"line":132,"column":0}},"132":{"start":{"line":133,"column":0},"end":{"line":133,"column":47}},"133":{"start":{"line":134,"column":0},"end":{"line":134,"column":0}},"134":{"start":{"line":135,"column":0},"end":{"line":135,"column":98}},"135":{"start":{"line":136,"column":0},"end":{"line":136,"column":59}},"136":{"start":{"line":137,"column":0},"end":{"line":137,"column":83}},"137":{"start":{"line":138,"column":0},"end":{"line":138,"column":0}},"138":{"start":{"line":139,"column":0},"end":{"line":139,"column":101}},"139":{"start":{"line":140,"column":0},"end":{"line":140,"column":83}},"140":{"start":{"line":141,"column":0},"end":{"line":141,"column":102}},"141":{"start":{"line":142,"column":0},"end":{"line":142,"column":0}},"142":{"start":{"line":143,"column":0},"end":{"line":143,"column":28}},"143":{"start":{"line":144,"column":0},"end":{"line":144,"column":94}},"144":{"start":{"line":145,"column":0},"end":{"line":145,"column":24}},"145":{"start":{"line":146,"column":0},"end":{"line":146,"column":81}},"146":{"start":{"line":147,"column":0},"end":{"line":147,"column":28}},"147":{"start":{"line":148,"column":0},"end":{"line":148,"column":1}},"148":{"start":{"line":149,"column":0},"end":{"line":149,"column":0}},"149":{"start":{"line":150,"column":0},"end":{"line":150,"column":53}},"150":{"start":{"line":151,"column":0},"end":{"line":151,"column":80}},"151":{"start":{"line":152,"column":0},"end":{"line":152,"column":0}},"152":{"start":{"line":153,"column":0},"end":{"line":153,"column":57}},"153":{"start":{"line":154,"column":0},"end":{"line":154,"column":83}},"154":{"start":{"line":155,"column":0},"end":{"line":155,"column":21}},"155":{"start":{"line":156,"column":0},"end":{"line":156,"column":5}},"156":{"start":{"line":157,"column":0},"end":{"line":157,"column":0}},"157":{"start":{"line":158,"column":0},"end":{"line":158,"column":95}},"158":{"start":{"line":159,"column":0},"end":{"line":159,"column":0}},"159":{"start":{"line":160,"column":0},"end":{"line":160,"column":19}},"160":{"start":{"line":161,"column":0},"end":{"line":161,"column":73}},"161":{"start":{"line":162,"column":0},"end":{"line":162,"column":21}},"162":{"start":{"line":163,"column":0},"end":{"line":163,"column":5}},"163":{"start":{"line":164,"column":0},"end":{"line":164,"column":0}},"164":{"start":{"line":165,"column":0},"end":{"line":165,"column":9}},"165":{"start":{"line":166,"column":0},"end":{"line":166,"column":75}},"166":{"start":{"line":167,"column":0},"end":{"line":167,"column":77}},"167":{"start":{"line":168,"column":0},"end":{"line":168,"column":37}},"168":{"start":{"line":169,"column":0},"end":{"line":169,"column":41}},"169":{"start":{"line":170,"column":0},"end":{"line":170,"column":11}},"170":{"start":{"line":171,"column":0},"end":{"line":171,"column":20}},"171":{"start":{"line":172,"column":0},"end":{"line":172,"column":21}},"172":{"start":{"line":173,"column":0},"end":{"line":173,"column":94}},"173":{"start":{"line":174,"column":0},"end":{"line":174,"column":21}},"174":{"start":{"line":175,"column":0},"end":{"line":175,"column":5}},"175":{"start":{"line":176,"column":0},"end":{"line":176,"column":1}},"176":{"start":{"line":177,"column":0},"end":{"line":177,"column":0}},"177":{"start":{"line":178,"column":0},"end":{"line":178,"column":47}},"178":{"start":{"line":179,"column":0},"end":{"line":179,"column":47}},"179":{"start":{"line":180,"column":0},"end":{"line":180,"column":74}},"180":{"start":{"line":181,"column":0},"end":{"line":181,"column":82}},"181":{"start":{"line":182,"column":0},"end":{"line":182,"column":32}},"182":{"start":{"line":183,"column":0},"end":{"line":183,"column":0}},"183":{"start":{"line":184,"column":0},"end":{"line":184,"column":76}},"184":{"start":{"line":185,"column":0},"end":{"line":185,"column":73}},"185":{"start":{"line":186,"column":0},"end":{"line":186,"column":5}},"186":{"start":{"line":187,"column":0},"end":{"line":187,"column":0}},"187":{"start":{"line":188,"column":0},"end":{"line":188,"column":9}},"188":{"start":{"line":189,"column":0},"end":{"line":189,"column":34}},"189":{"start":{"line":190,"column":0},"end":{"line":190,"column":75}},"190":{"start":{"line":191,"column":0},"end":{"line":191,"column":47}},"191":{"start":{"line":192,"column":0},"end":{"line":192,"column":9}},"192":{"start":{"line":193,"column":0},"end":{"line":193,"column":0}},"193":{"start":{"line":194,"column":0},"end":{"line":194,"column":49}},"194":{"start":{"line":195,"column":0},"end":{"line":195,"column":71}},"195":{"start":{"line":196,"column":0},"end":{"line":196,"column":0}},"196":{"start":{"line":197,"column":0},"end":{"line":197,"column":13}},"197":{"start":{"line":198,"column":0},"end":{"line":198,"column":54}},"198":{"start":{"line":199,"column":0},"end":{"line":199,"column":36}},"199":{"start":{"line":200,"column":0},"end":{"line":200,"column":15}},"200":{"start":{"line":201,"column":0},"end":{"line":201,"column":0}},"201":{"start":{"line":202,"column":0},"end":{"line":202,"column":26}},"202":{"start":{"line":203,"column":0},"end":{"line":203,"column":25}},"203":{"start":{"line":204,"column":0},"end":{"line":204,"column":73}},"204":{"start":{"line":205,"column":0},"end":{"line":205,"column":24}},"205":{"start":{"line":206,"column":0},"end":{"line":206,"column":9}},"206":{"start":{"line":207,"column":0},"end":{"line":207,"column":15}},"207":{"start":{"line":208,"column":0},"end":{"line":208,"column":50}},"208":{"start":{"line":209,"column":0},"end":{"line":209,"column":55}},"209":{"start":{"line":210,"column":0},"end":{"line":210,"column":119}},"210":{"start":{"line":211,"column":0},"end":{"line":211,"column":0}},"211":{"start":{"line":212,"column":0},"end":{"line":212,"column":34}},"212":{"start":{"line":213,"column":0},"end":{"line":213,"column":97}},"213":{"start":{"line":214,"column":0},"end":{"line":214,"column":73}},"214":{"start":{"line":215,"column":0},"end":{"line":215,"column":21}},"215":{"start":{"line":216,"column":0},"end":{"line":216,"column":97}},"216":{"start":{"line":217,"column":0},"end":{"line":217,"column":49}},"217":{"start":{"line":218,"column":0},"end":{"line":218,"column":53}},"218":{"start":{"line":219,"column":0},"end":{"line":219,"column":23}},"219":{"start":{"line":220,"column":0},"end":{"line":220,"column":33}},"220":{"start":{"line":221,"column":0},"end":{"line":221,"column":112}},"221":{"start":{"line":222,"column":0},"end":{"line":222,"column":17}},"222":{"start":{"line":223,"column":0},"end":{"line":223,"column":13}},"223":{"start":{"line":224,"column":0},"end":{"line":224,"column":9}},"224":{"start":{"line":225,"column":0},"end":{"line":225,"column":5}},"225":{"start":{"line":226,"column":0},"end":{"line":226,"column":1}},"226":{"start":{"line":227,"column":0},"end":{"line":227,"column":0}},"227":{"start":{"line":228,"column":0},"end":{"line":228,"column":65}},"228":{"start":{"line":229,"column":0},"end":{"line":229,"column":54}},"229":{"start":{"line":230,"column":0},"end":{"line":230,"column":0}},"230":{"start":{"line":231,"column":0},"end":{"line":231,"column":78}},"231":{"start":{"line":232,"column":0},"end":{"line":232,"column":0}},"232":{"start":{"line":233,"column":0},"end":{"line":233,"column":103}},"233":{"start":{"line":234,"column":0},"end":{"line":234,"column":1}},"234":{"start":{"line":235,"column":0},"end":{"line":235,"column":0}},"235":{"start":{"line":236,"column":0},"end":{"line":236,"column":29}},"236":{"start":{"line":237,"column":0},"end":{"line":237,"column":37}},"237":{"start":{"line":238,"column":0},"end":{"line":238,"column":47}},"238":{"start":{"line":239,"column":0},"end":{"line":239,"column":1}},"239":{"start":{"line":240,"column":0},"end":{"line":240,"column":0}},"240":{"start":{"line":241,"column":0},"end":{"line":241,"column":85}}},"s":{"0":1,"1":1,"2":1,"3":1,"4":1,"5":1,"6":1,"7":1,"8":1,"9":1,"10":1,"11":1,"12":1,"13":1,"14":1,"15":0,"16":0,"17":0,"18":0,"19":0,"20":0,"21":0,"22":0,"23":0,"24":0,"25":0,"26":0,"27":0,"28":0,"29":0,"30":0,"31":0,"32":0,"33":0,"34":0,"35":0,"36":0,"37":0,"38":0,"39":0,"40":0,"41":0,"42":0,"43":0,"44":0,"45":0,"46":0,"47":0,"48":0,"49":0,"50":0,"51":0,"52":0,"53":0,"54":0,"55":1,"56":1,"57":2,"58":2,"59":0,"60":0,"61":0,"62":2,"63":2,"64":2,"65":2,"66":2,"67":2,"68":2,"69":20,"70":2,"71":2,"72":2,"73":2,"74":2,"75":2,"76":2,"77":0,"78":0,"79":0,"80":2,"81":2,"82":2,"83":2,"84":2,"85":2,"86":2,"87":2,"88":2,"89":2,"90":2,"91":2,"92":2,"93":2,"94":2,"95":2,"96":0,"97":2,"98":0,"99":0,"100":2,"101":2,"102":2,"103":2,"104":2,"105":2,"106":2,"107":0,"108":0,"109":0,"110":0,"111":0,"112":0,"113":0,"114":0,"115":0,"116":0,"117":0,"118":0,"119":0,"120":0,"121":0,"122":0,"123":0,"124":0,"125":0,"126":2,"127":2,"128":2,"129":2,"130":2,"131":2,"132":2,"133":2,"134":2,"135":2,"136":2,"137":2,"138":2,"139":2,"140":2,"141":2,"142":2,"143":2,"144":2,"145":2,"146":2,"147":2,"148":1,"149":1,"150":0,"151":0,"152":0,"153":0,"154":0,"155":0,"156":0,"157":0,"158":0,"159":0,"160":0,"161":0,"162":0,"163":0,"164":0,"165":0,"166":0,"167":0,"168":0,"169":0,"170":0,"171":0,"172":0,"173":0,"174":0,"175":0,"176":1,"177":1,"178":2,"179":2,"180":2,"181":2,"182":2,"183":2,"184":0,"185":0,"186":2,"187":2,"188":2,"189":0,"190":0,"191":0,"192":2,"193":2,"194":2,"195":2,"196":2,"197":2,"198":2,"199":2,"200":2,"201":2,"202":2,"203":0,"204":0,"205":0,"206":2,"207":2,"208":0,"209":0,"210":0,"211":0,"212":0,"213":0,"214":0,"215":0,"216":0,"217":0,"218":0,"219":0,"220":0,"221":0,"222":0,"223":0,"224":2,"225":2,"226":1,"227":1,"228":2,"229":2,"230":2,"231":2,"232":2,"233":2,"234":1,"235":2,"236":2,"237":2,"238":2,"239":1,"240":1},"branchMap":{"0":{"type":"branch","line":57,"loc":{"start":{"line":57,"column":7},"end":{"line":148,"column":1}},"locations":[{"start":{"line":57,"column":7},"end":{"line":148,"column":1}}]},"1":{"type":"branch","line":59,"loc":{"start":{"line":59,"column":18},"end":{"line":62,"column":5}},"locations":[{"start":{"line":59,"column":18},"end":{"line":62,"column":5}}]},"2":{"type":"branch","line":77,"loc":{"start":{"line":77,"column":43},"end":{"line":80,"column":5}},"locations":[{"start":{"line":77,"column":43},"end":{"line":80,"column":5}}]},"3":{"type":"branch","line":96,"loc":{"start":{"line":96,"column":34},"end":{"line":96,"column":63}},"locations":[{"start":{"line":96,"column":34},"end":{"line":96,"column":63}}]},"4":{"type":"branch","line":96,"loc":{"start":{"line":96,"column":65},"end":{"line":98,"column":9}},"locations":[{"start":{"line":96,"column":65},"end":{"line":98,"column":9}}]},"5":{"type":"branch","line":98,"loc":{"start":{"line":98,"column":48},"end":{"line":100,"column":9}},"locations":[{"start":{"line":98,"column":48},"end":{"line":100,"column":9}}]},"6":{"type":"branch","line":107,"loc":{"start":{"line":107,"column":21},"end":{"line":127,"column":9}},"locations":[{"start":{"line":107,"column":21},"end":{"line":127,"column":9}}]},"7":{"type":"branch","line":69,"loc":{"start":{"line":69,"column":45},"end":{"line":70,"column":55}},"locations":[{"start":{"line":69,"column":45},"end":{"line":70,"column":55}}]},"8":{"type":"branch","line":178,"loc":{"start":{"line":178,"column":7},"end":{"line":226,"column":1}},"locations":[{"start":{"line":178,"column":7},"end":{"line":226,"column":1}}]},"9":{"type":"branch","line":184,"loc":{"start":{"line":184,"column":29},"end":{"line":184,"column":73}},"locations":[{"start":{"line":184,"column":29},"end":{"line":184,"column":73}}]},"10":{"type":"branch","line":184,"loc":{"start":{"line":184,"column":75},"end":{"line":186,"column":5}},"locations":[{"start":{"line":184,"column":75},"end":{"line":186,"column":5}}]},"11":{"type":"branch","line":189,"loc":{"start":{"line":189,"column":33},"end":{"line":192,"column":9}},"locations":[{"start":{"line":189,"column":33},"end":{"line":192,"column":9}}]},"12":{"type":"branch","line":203,"loc":{"start":{"line":203,"column":10},"end":{"line":206,"column":9}},"locations":[{"start":{"line":203,"column":10},"end":{"line":206,"column":9}}]},"13":{"type":"branch","line":208,"loc":{"start":{"line":208,"column":28},"end":{"line":208,"column":47}},"locations":[{"start":{"line":208,"column":28},"end":{"line":208,"column":47}}]},"14":{"type":"branch","line":208,"loc":{"start":{"line":208,"column":49},"end":{"line":224,"column":9}},"locations":[{"start":{"line":208,"column":49},"end":{"line":224,"column":9}}]},"15":{"type":"branch","line":228,"loc":{"start":{"line":228,"column":7},"end":{"line":234,"column":1}},"locations":[{"start":{"line":228,"column":7},"end":{"line":234,"column":1}}]},"16":{"type":"branch","line":231,"loc":{"start":{"line":231,"column":37},"end":{"line":231,"column":63}},"locations":[{"start":{"line":231,"column":37},"end":{"line":231,"column":63}}]},"17":{"type":"branch","line":236,"loc":{"start":{"line":236,"column":0},"end":{"line":239,"column":1}},"locations":[{"start":{"line":236,"column":0},"end":{"line":239,"column":1}}]}},"b":{"0":[2],"1":[0],"2":[0],"3":[0],"4":[0],"5":[0],"6":[0],"7":[20],"8":[2],"9":[0],"10":[0],"11":[0],"12":[0],"13":[0],"14":[0],"15":[2],"16":[10],"17":[2]},"fnMap":{"0":{"name":"triggerCompaction","decl":{"start":{"line":15,"column":7},"end":{"line":55,"column":1}},"loc":{"start":{"line":15,"column":7},"end":{"line":55,"column":1}},"line":15},"1":{"name":"performCompaction","decl":{"start":{"line":57,"column":7},"end":{"line":148,"column":1}},"loc":{"start":{"line":57,"column":7},"end":{"line":148,"column":1}},"line":57},"2":{"name":"applyProfileSwitch","decl":{"start":{"line":150,"column":7},"end":{"line":176,"column":1}},"loc":{"start":{"line":150,"column":7},"end":{"line":176,"column":1}},"line":150},"3":{"name":"compressChunk","decl":{"start":{"line":178,"column":7},"end":{"line":226,"column":1}},"loc":{"start":{"line":178,"column":7},"end":{"line":226,"column":1}},"line":178},"4":{"name":"buildCompressionPrompt","decl":{"start":{"line":228,"column":7},"end":{"line":234,"column":1}},"loc":{"start":{"line":228,"column":7},"end":{"line":234,"column":1}},"line":228},"5":{"name":"getChapterNumber","decl":{"start":{"line":236,"column":0},"end":{"line":239,"column":1}},"loc":{"start":{"line":236,"column":0},"end":{"line":239,"column":1}},"line":236}},"f":{"0":0,"1":2,"2":0,"3":2,"4":2,"5":2}}
,"/Users/stefano/src/SillyTavern-Launcher/SillyTavern/public/scripts/extensions/third-party/CacheFriendlyMemory/src/constants.js": {"path":"/Users/stefano/src/SillyTavern-Launcher/SillyTavern/public/scripts/extensions/third-party/CacheFriendlyMemory/src/constants.js","all":false,"statementMap":{"0":{"start":{"line":1,"column":0},"end":{"line":1,"column":51}},"1":{"start":{"line":2,"column":0},"end":{"line":2,"column":88}},"2":{"start":{"line":3,"column":0},"end":{"line":3,"column":50}},"3":{"start":{"line":4,"column":0},"end":{"line":4,"column":0}},"4":{"start":{"line":5,"column":0},"end":{"line":5,"column":191}},"5":{"start":{"line":6,"column":0},"end":{"line":6,"column":0}},"6":{"start":{"line":7,"column":0},"end":{"line":7,"column":11}},"7":{"start":{"line":8,"column":0},"end":{"line":8,"column":68}},"8":{"start":{"line":9,"column":0},"end":{"line":9,"column":59}},"9":{"start":{"line":10,"column":0},"end":{"line":10,"column":80}},"10":{"start":{"line":11,"column":0},"end":{"line":11,"column":40}},"11":{"start":{"line":12,"column":0},"end":{"line":12,"column":63}},"12":{"start":{"line":13,"column":0},"end":{"line":13,"column":61}},"13":{"start":{"line":14,"column":0},"end":{"line":14,"column":59}},"14":{"start":{"line":15,"column":0},"end":{"line":15,"column":0}},"15":{"start":{"line":16,"column":0},"end":{"line":16,"column":39}},"16":{"start":{"line":17,"column":0},"end":{"line":17,"column":11}},"17":{"start":{"line":18,"column":0},"end":{"line":18,"column":25}},"18":{"start":{"line":19,"column":0},"end":{"line":19,"column":0}},"19":{"start":{"line":20,"column":0},"end":{"line":20,"column":80}},"20":{"start":{"line":21,"column":0},"end":{"line":21,"column":0}},"21":{"start":{"line":22,"column":0},"end":{"line":22,"column":46}},"22":{"start":{"line":23,"column":0},"end":{"line":23,"column":18}},"23":{"start":{"line":24,"column":0},"end":{"line":24,"column":22}},"24":{"start":{"line":25,"column":0},"end":{"line":25,"column":26}},"25":{"start":{"line":26,"column":0},"end":{"line":26,"column":25}},"26":{"start":{"line":27,"column":0},"end":{"line":27,"column":24}},"27":{"start":{"line":28,"column":0},"end":{"line":28,"column":23}},"28":{"start":{"line":29,"column":0},"end":{"line":29,"column":26}},"29":{"start":{"line":30,"column":0},"end":{"line":30,"column":29}},"30":{"start":{"line":31,"column":0},"end":{"line":31,"column":41}},"31":{"start":{"line":32,"column":0},"end":{"line":32,"column":21}},"32":{"start":{"line":33,"column":0},"end":{"line":33,"column":26}},"33":{"start":{"line":34,"column":0},"end":{"line":34,"column":16}},"34":{"start":{"line":35,"column":0},"end":{"line":35,"column":22}},"35":{"start":{"line":36,"column":0},"end":{"line":36,"column":20}},"36":{"start":{"line":37,"column":0},"end":{"line":37,"column":17}},"37":{"start":{"line":38,"column":0},"end":{"line":38,"column":19}},"38":{"start":{"line":39,"column":0},"end":{"line":39,"column":22}},"39":{"start":{"line":40,"column":0},"end":{"line":40,"column":5}},"40":{"start":{"line":41,"column":0},"end":{"line":41,"column":3}}},"s":{"0":1,"1":1,"2":1,"3":1,"4":1,"5":1,"6":1,"7":1,"8":1,"9":1,"10":1,"11":1,"12":1,"13":1,"14":1,"15":1,"16":1,"17":1,"18":1,"19":1,"20":1,"21":1,"22":1,"23":1,"24":1,"25":1,"26":1,"27":1,"28":1,"29":1,"30":1,"31":1,"32":1,"33":1,"34":1,"35":1,"36":1,"37":1,"38":1,"39":1,"40":1},"branchMap":{},"b":{},"fnMap":{},"f":{}}
,"/Users/stefano/src/SillyTavern-Launcher/SillyTavern/public/scripts/extensions/third-party/CacheFriendlyMemory/src/events.js": {"path":"/Users/stefano/src/SillyTavern-Launcher/SillyTavern/public/scripts/extensions/third-party/CacheFriendlyMemory/src/events.js","all":false,"statementMap":{"0":{"start":{"line":1,"column":0},"end":{"line":1,"column":55}},"1":{"start":{"line":2,"column":0},"end":{"line":2,"column":87}},"2":{"start":{"line":3,"column":0},"end":{"line":3,"column":84}},"3":{"start":{"line":4,"column":0},"end":{"line":4,"column":58}},"4":{"start":{"line":5,"column":0},"end":{"line":5,"column":72}},"5":{"start":{"line":6,"column":0},"end":{"line":6,"column":65}},"6":{"start":{"line":7,"column":0},"end":{"line":7,"column":44}},"7":{"start":{"line":8,"column":0},"end":{"line":8,"column":0}},"8":{"start":{"line":9,"column":0},"end":{"line":9,"column":3}},"9":{"start":{"line":10,"column":0},"end":{"line":10,"column":53}},"10":{"start":{"line":11,"column":0},"end":{"line":11,"column":37}},"11":{"start":{"line":12,"column":0},"end":{"line":12,"column":3}},"12":{"start":{"line":13,"column":0},"end":{"line":13,"column":37}},"13":{"start":{"line":14,"column":0},"end":{"line":14,"column":33}},"14":{"start":{"line":15,"column":0},"end":{"line":15,"column":42}},"15":{"start":{"line":16,"column":0},"end":{"line":16,"column":18}},"16":{"start":{"line":17,"column":0},"end":{"line":17,"column":35}},"17":{"start":{"line":18,"column":0},"end":{"line":18,"column":5}},"18":{"start":{"line":19,"column":0},"end":{"line":19,"column":1}},"19":{"start":{"line":20,"column":0},"end":{"line":20,"column":0}},"20":{"start":{"line":21,"column":0},"end":{"line":21,"column":43}},"21":{"start":{"line":22,"column":0},"end":{"line":22,"column":0}},"22":{"start":{"line":23,"column":0},"end":{"line":23,"column":58}},"23":{"start":{"line":24,"column":0},"end":{"line":24,"column":61}},"24":{"start":{"line":25,"column":0},"end":{"line":25,"column":25}},"25":{"start":{"line":26,"column":0},"end":{"line":26,"column":32}},"26":{"start":{"line":27,"column":0},"end":{"line":27,"column":7}},"27":{"start":{"line":28,"column":0},"end":{"line":28,"column":0}},"28":{"start":{"line":29,"column":0},"end":{"line":29,"column":67}},"29":{"start":{"line":30,"column":0},"end":{"line":30,"column":73}},"30":{"start":{"line":31,"column":0},"end":{"line":31,"column":41}},"31":{"start":{"line":32,"column":0},"end":{"line":32,"column":29}},"32":{"start":{"line":33,"column":0},"end":{"line":33,"column":0}},"33":{"start":{"line":34,"column":0},"end":{"line":34,"column":35}},"34":{"start":{"line":35,"column":0},"end":{"line":35,"column":7}},"35":{"start":{"line":36,"column":0},"end":{"line":36,"column":0}},"36":{"start":{"line":37,"column":0},"end":{"line":37,"column":72}},"37":{"start":{"line":38,"column":0},"end":{"line":38,"column":78}},"38":{"start":{"line":39,"column":0},"end":{"line":39,"column":35}},"39":{"start":{"line":40,"column":0},"end":{"line":40,"column":7}},"40":{"start":{"line":41,"column":0},"end":{"line":41,"column":0}},"41":{"start":{"line":42,"column":0},"end":{"line":42,"column":77}},"42":{"start":{"line":43,"column":0},"end":{"line":43,"column":83}},"43":{"start":{"line":44,"column":0},"end":{"line":44,"column":35}},"44":{"start":{"line":45,"column":0},"end":{"line":45,"column":0}},"45":{"start":{"line":46,"column":0},"end":{"line":46,"column":40}},"46":{"start":{"line":47,"column":0},"end":{"line":47,"column":38}},"47":{"start":{"line":48,"column":0},"end":{"line":48,"column":36}},"48":{"start":{"line":49,"column":0},"end":{"line":49,"column":36}},"49":{"start":{"line":50,"column":0},"end":{"line":50,"column":9}},"50":{"start":{"line":51,"column":0},"end":{"line":51,"column":7}},"51":{"start":{"line":52,"column":0},"end":{"line":52,"column":0}},"52":{"start":{"line":53,"column":0},"end":{"line":53,"column":71}},"53":{"start":{"line":54,"column":0},"end":{"line":54,"column":74}},"54":{"start":{"line":55,"column":0},"end":{"line":55,"column":45}},"55":{"start":{"line":56,"column":0},"end":{"line":56,"column":36}},"56":{"start":{"line":57,"column":0},"end":{"line":57,"column":9}},"57":{"start":{"line":58,"column":0},"end":{"line":58,"column":7}},"58":{"start":{"line":59,"column":0},"end":{"line":59,"column":0}},"59":{"start":{"line":60,"column":0},"end":{"line":60,"column":75}},"60":{"start":{"line":61,"column":0},"end":{"line":61,"column":81}},"61":{"start":{"line":62,"column":0},"end":{"line":62,"column":67}},"62":{"start":{"line":63,"column":0},"end":{"line":63,"column":97}},"63":{"start":{"line":64,"column":0},"end":{"line":64,"column":104}},"64":{"start":{"line":65,"column":0},"end":{"line":65,"column":24}},"65":{"start":{"line":66,"column":0},"end":{"line":66,"column":72}},"66":{"start":{"line":67,"column":0},"end":{"line":67,"column":53}},"67":{"start":{"line":68,"column":0},"end":{"line":68,"column":45}},"68":{"start":{"line":69,"column":0},"end":{"line":69,"column":39}},"69":{"start":{"line":70,"column":0},"end":{"line":70,"column":37}},"70":{"start":{"line":71,"column":0},"end":{"line":71,"column":59}},"71":{"start":{"line":72,"column":0},"end":{"line":72,"column":15}},"72":{"start":{"line":73,"column":0},"end":{"line":73,"column":16}},"73":{"start":{"line":74,"column":0},"end":{"line":74,"column":116}},"74":{"start":{"line":75,"column":0},"end":{"line":75,"column":9}},"75":{"start":{"line":76,"column":0},"end":{"line":76,"column":0}},"76":{"start":{"line":77,"column":0},"end":{"line":77,"column":63}},"77":{"start":{"line":78,"column":0},"end":{"line":78,"column":37}},"78":{"start":{"line":79,"column":0},"end":{"line":79,"column":72}},"79":{"start":{"line":80,"column":0},"end":{"line":80,"column":84}},"80":{"start":{"line":81,"column":0},"end":{"line":81,"column":9}},"81":{"start":{"line":82,"column":0},"end":{"line":82,"column":7}},"82":{"start":{"line":83,"column":0},"end":{"line":83,"column":1}},"83":{"start":{"line":84,"column":0},"end":{"line":84,"column":0}},"84":{"start":{"line":85,"column":0},"end":{"line":85,"column":45}},"85":{"start":{"line":86,"column":0},"end":{"line":86,"column":57}},"86":{"start":{"line":87,"column":0},"end":{"line":87,"column":61}},"87":{"start":{"line":88,"column":0},"end":{"line":88,"column":66}},"88":{"start":{"line":89,"column":0},"end":{"line":89,"column":71}},"89":{"start":{"line":90,"column":0},"end":{"line":90,"column":70}},"90":{"start":{"line":91,"column":0},"end":{"line":91,"column":76}},"91":{"start":{"line":92,"column":0},"end":{"line":92,"column":0}},"92":{"start":{"line":93,"column":0},"end":{"line":93,"column":21}},"93":{"start":{"line":94,"column":0},"end":{"line":94,"column":1}}},"s":{"0":1,"1":1,"2":1,"3":1,"4":1,"5":1,"6":1,"7":1,"8":1,"9":1,"10":1,"11":1,"12":5,"13":5,"14":5,"15":5,"16":5,"17":5,"18":5,"19":1,"20":1,"21":5,"22":5,"23":0,"24":0,"25":0,"26":5,"27":5,"28":5,"29":1,"30":1,"31":1,"32":1,"33":1,"34":5,"35":5,"36":5,"37":2,"38":2,"39":5,"40":5,"41":5,"42":2,"43":2,"44":2,"45":2,"46":2,"47":2,"48":2,"49":2,"50":5,"51":5,"52":5,"53":0,"54":0,"55":0,"56":0,"57":5,"58":5,"59":5,"60":5,"61":0,"62":0,"63":0,"64":0,"65":0,"66":0,"67":0,"68":0,"69":0,"70":0,"71":0,"72":0,"73":0,"74":0,"75":0,"76":0,"77":0,"78":0,"79":0,"80":0,"81":5,"82":5,"83":1,"84":1,"85":0,"86":0,"87":0,"88":0,"89":0,"90":0,"91":0,"92":0,"93":0},"branchMap":{"0":{"type":"branch","line":13,"loc":{"start":{"line":13,"column":0},"end":{"line":19,"column":1}},"locations":[{"start":{"line":13,"column":0},"end":{"line":19,"column":1}}]},"1":{"type":"branch","line":21,"loc":{"start":{"line":21,"column":7},"end":{"line":83,"column":1}},"locations":[{"start":{"line":21,"column":7},"end":{"line":83,"column":1}}]},"2":{"type":"branch","line":29,"loc":{"start":{"line":29,"column":49},"end":{"line":35,"column":5}},"locations":[{"start":{"line":29,"column":49},"end":{"line":35,"column":5}}]},"3":{"type":"branch","line":32,"loc":{"start":{"line":32,"column":22},"end":{"line":32,"column":29}},"locations":[{"start":{"line":32,"column":22},"end":{"line":32,"column":29}}]},"4":{"type":"branch","line":37,"loc":{"start":{"line":37,"column":54},"end":{"line":40,"column":5}},"locations":[{"start":{"line":37,"column":54},"end":{"line":40,"column":5}}]},"5":{"type":"branch","line":42,"loc":{"start":{"line":42,"column":59},"end":{"line":51,"column":5}},"locations":[{"start":{"line":42,"column":59},"end":{"line":51,"column":5}}]}},"b":{"0":[5],"1":[5],"2":[1],"3":[0],"4":[2],"5":[2]},"fnMap":{"0":{"name":"markMessageAsActive","decl":{"start":{"line":13,"column":0},"end":{"line":19,"column":1}},"loc":{"start":{"line":13,"column":0},"end":{"line":19,"column":1}},"line":13},"1":{"name":"registerExtensionEvents","decl":{"start":{"line":21,"column":7},"end":{"line":83,"column":1}},"loc":{"start":{"line":21,"column":7},"end":{"line":83,"column":1}},"line":21},"2":{"name":"unregisterExtensionEvents","decl":{"start":{"line":85,"column":7},"end":{"line":94,"column":1}},"loc":{"start":{"line":85,"column":7},"end":{"line":94,"column":1}},"line":85}},"f":{"0":5,"1":5,"2":0}}
,"/Users/stefano/src/SillyTavern-Launcher/SillyTavern/public/scripts/extensions/third-party/CacheFriendlyMemory/src/injection.js": {"path":"/Users/stefano/src/SillyTavern-Launcher/SillyTavern/public/scripts/extensions/third-party/CacheFriendlyMemory/src/injection.js","all":false,"statementMap":{"0":{"start":{"line":1,"column":0},"end":{"line":1,"column":129}},"1":{"start":{"line":2,"column":0},"end":{"line":2,"column":67}},"2":{"start":{"line":3,"column":0},"end":{"line":3,"column":55}},"3":{"start":{"line":4,"column":0},"end":{"line":4,"column":44}},"4":{"start":{"line":5,"column":0},"end":{"line":5,"column":0}},"5":{"start":{"line":6,"column":0},"end":{"line":6,"column":3}},"6":{"start":{"line":7,"column":0},"end":{"line":7,"column":61}},"7":{"start":{"line":8,"column":0},"end":{"line":8,"column":53}},"8":{"start":{"line":9,"column":0},"end":{"line":9,"column":3}},"9":{"start":{"line":10,"column":0},"end":{"line":10,"column":34}},"10":{"start":{"line":11,"column":0},"end":{"line":11,"column":60}},"11":{"start":{"line":12,"column":0},"end":{"line":12,"column":105}},"12":{"start":{"line":13,"column":0},"end":{"line":13,"column":75}},"13":{"start":{"line":14,"column":0},"end":{"line":14,"column":17}},"14":{"start":{"line":15,"column":0},"end":{"line":15,"column":96}},"15":{"start":{"line":16,"column":0},"end":{"line":16,"column":132}},"16":{"start":{"line":17,"column":0},"end":{"line":17,"column":81}},"17":{"start":{"line":18,"column":0},"end":{"line":18,"column":114}},"18":{"start":{"line":19,"column":0},"end":{"line":19,"column":5}},"19":{"start":{"line":20,"column":0},"end":{"line":20,"column":18}},"20":{"start":{"line":21,"column":0},"end":{"line":21,"column":1}},"21":{"start":{"line":22,"column":0},"end":{"line":22,"column":0}},"22":{"start":{"line":23,"column":0},"end":{"line":23,"column":41}},"23":{"start":{"line":24,"column":0},"end":{"line":24,"column":36}},"24":{"start":{"line":25,"column":0},"end":{"line":25,"column":46}},"25":{"start":{"line":26,"column":0},"end":{"line":26,"column":1}},"26":{"start":{"line":27,"column":0},"end":{"line":27,"column":0}},"27":{"start":{"line":28,"column":0},"end":{"line":28,"column":45}},"28":{"start":{"line":29,"column":0},"end":{"line":29,"column":0}},"29":{"start":{"line":30,"column":0},"end":{"line":30,"column":3}},"30":{"start":{"line":31,"column":0},"end":{"line":31,"column":65}},"31":{"start":{"line":32,"column":0},"end":{"line":32,"column":89}},"32":{"start":{"line":33,"column":0},"end":{"line":33,"column":43}},"33":{"start":{"line":34,"column":0},"end":{"line":34,"column":3}},"34":{"start":{"line":35,"column":0},"end":{"line":35,"column":29}},"35":{"start":{"line":36,"column":0},"end":{"line":36,"column":35}},"36":{"start":{"line":37,"column":0},"end":{"line":37,"column":20}},"37":{"start":{"line":38,"column":0},"end":{"line":38,"column":5}},"38":{"start":{"line":39,"column":0},"end":{"line":39,"column":0}},"39":{"start":{"line":40,"column":0},"end":{"line":40,"column":19}},"40":{"start":{"line":41,"column":0},"end":{"line":41,"column":20}},"41":{"start":{"line":42,"column":0},"end":{"line":42,"column":47}},"42":{"start":{"line":43,"column":0},"end":{"line":43,"column":25}},"43":{"start":{"line":44,"column":0},"end":{"line":44,"column":52}},"44":{"start":{"line":45,"column":0},"end":{"line":45,"column":22}},"45":{"start":{"line":46,"column":0},"end":{"line":46,"column":16}},"46":{"start":{"line":47,"column":0},"end":{"line":47,"column":49}},"47":{"start":{"line":48,"column":0},"end":{"line":48,"column":5}},"48":{"start":{"line":49,"column":0},"end":{"line":49,"column":1}},"49":{"start":{"line":50,"column":0},"end":{"line":50,"column":0}},"50":{"start":{"line":51,"column":0},"end":{"line":51,"column":39}},"51":{"start":{"line":52,"column":0},"end":{"line":52,"column":31}},"52":{"start":{"line":53,"column":0},"end":{"line":53,"column":0}},"53":{"start":{"line":54,"column":0},"end":{"line":54,"column":60}},"54":{"start":{"line":55,"column":0},"end":{"line":55,"column":60}},"55":{"start":{"line":56,"column":0},"end":{"line":56,"column":48}},"56":{"start":{"line":57,"column":0},"end":{"line":57,"column":0}},"57":{"start":{"line":58,"column":0},"end":{"line":58,"column":47}},"58":{"start":{"line":59,"column":0},"end":{"line":59,"column":1}},"59":{"start":{"line":60,"column":0},"end":{"line":60,"column":0}},"60":{"start":{"line":61,"column":0},"end":{"line":61,"column":29}},"61":{"start":{"line":62,"column":0},"end":{"line":62,"column":37}},"62":{"start":{"line":63,"column":0},"end":{"line":63,"column":19}},"63":{"start":{"line":64,"column":0},"end":{"line":64,"column":86}},"64":{"start":{"line":65,"column":0},"end":{"line":65,"column":18}},"65":{"start":{"line":66,"column":0},"end":{"line":66,"column":5}},"66":{"start":{"line":67,"column":0},"end":{"line":67,"column":0}},"67":{"start":{"line":68,"column":0},"end":{"line":68,"column":73}},"68":{"start":{"line":69,"column":0},"end":{"line":69,"column":60}},"69":{"start":{"line":70,"column":0},"end":{"line":70,"column":60}},"70":{"start":{"line":71,"column":0},"end":{"line":71,"column":45}},"71":{"start":{"line":72,"column":0},"end":{"line":72,"column":35}},"72":{"start":{"line":73,"column":0},"end":{"line":73,"column":7}},"73":{"start":{"line":74,"column":0},"end":{"line":74,"column":0}},"74":{"start":{"line":75,"column":0},"end":{"line":75,"column":21}},"75":{"start":{"line":76,"column":0},"end":{"line":76,"column":52}},"76":{"start":{"line":77,"column":0},"end":{"line":77,"column":19}},"77":{"start":{"line":78,"column":0},"end":{"line":78,"column":0}},"78":{"start":{"line":79,"column":0},"end":{"line":79,"column":100}},"79":{"start":{"line":80,"column":0},"end":{"line":80,"column":34}},"80":{"start":{"line":81,"column":0},"end":{"line":81,"column":42}},"81":{"start":{"line":82,"column":0},"end":{"line":82,"column":43}},"82":{"start":{"line":83,"column":0},"end":{"line":83,"column":23}},"83":{"start":{"line":84,"column":0},"end":{"line":84,"column":5}},"84":{"start":{"line":85,"column":0},"end":{"line":85,"column":0}},"85":{"start":{"line":86,"column":0},"end":{"line":86,"column":121}},"86":{"start":{"line":87,"column":0},"end":{"line":87,"column":48}},"87":{"start":{"line":88,"column":0},"end":{"line":88,"column":46}},"88":{"start":{"line":89,"column":0},"end":{"line":89,"column":67}},"89":{"start":{"line":90,"column":0},"end":{"line":90,"column":56}},"90":{"start":{"line":91,"column":0},"end":{"line":91,"column":61}},"91":{"start":{"line":92,"column":0},"end":{"line":92,"column":9}},"92":{"start":{"line":93,"column":0},"end":{"line":93,"column":23}},"93":{"start":{"line":94,"column":0},"end":{"line":94,"column":5}},"94":{"start":{"line":95,"column":0},"end":{"line":95,"column":0}},"95":{"start":{"line":96,"column":0},"end":{"line":96,"column":121}},"96":{"start":{"line":97,"column":0},"end":{"line":97,"column":48}},"97":{"start":{"line":98,"column":0},"end":{"line":98,"column":41}},"98":{"start":{"line":99,"column":0},"end":{"line":99,"column":67}},"99":{"start":{"line":100,"column":0},"end":{"line":100,"column":56}},"100":{"start":{"line":101,"column":0},"end":{"line":101,"column":61}},"101":{"start":{"line":102,"column":0},"end":{"line":102,"column":9}},"102":{"start":{"line":103,"column":0},"end":{"line":103,"column":23}},"103":{"start":{"line":104,"column":0},"end":{"line":104,"column":5}},"104":{"start":{"line":105,"column":0},"end":{"line":105,"column":0}},"105":{"start":{"line":106,"column":0},"end":{"line":106,"column":43}},"106":{"start":{"line":107,"column":0},"end":{"line":107,"column":0}},"107":{"start":{"line":108,"column":0},"end":{"line":108,"column":36}},"108":{"start":{"line":109,"column":0},"end":{"line":109,"column":74}},"109":{"start":{"line":110,"column":0},"end":{"line":110,"column":29}},"110":{"start":{"line":111,"column":0},"end":{"line":111,"column":90}},"111":{"start":{"line":112,"column":0},"end":{"line":112,"column":5}},"112":{"start":{"line":113,"column":0},"end":{"line":113,"column":18}},"113":{"start":{"line":114,"column":0},"end":{"line":114,"column":1}},"114":{"start":{"line":115,"column":0},"end":{"line":115,"column":0}},"115":{"start":{"line":116,"column":0},"end":{"line":116,"column":41}},"116":{"start":{"line":117,"column":0},"end":{"line":117,"column":64}},"117":{"start":{"line":118,"column":0},"end":{"line":118,"column":37}},"118":{"start":{"line":119,"column":0},"end":{"line":119,"column":60}},"119":{"start":{"line":120,"column":0},"end":{"line":120,"column":118}},"120":{"start":{"line":121,"column":0},"end":{"line":121,"column":40}},"121":{"start":{"line":122,"column":0},"end":{"line":122,"column":93}},"122":{"start":{"line":123,"column":0},"end":{"line":123,"column":25}},"123":{"start":{"line":124,"column":0},"end":{"line":124,"column":15}},"124":{"start":{"line":125,"column":0},"end":{"line":125,"column":5}},"125":{"start":{"line":126,"column":0},"end":{"line":126,"column":0}},"126":{"start":{"line":127,"column":0},"end":{"line":127,"column":33}},"127":{"start":{"line":128,"column":0},"end":{"line":128,"column":86}},"128":{"start":{"line":129,"column":0},"end":{"line":129,"column":25}},"129":{"start":{"line":130,"column":0},"end":{"line":130,"column":15}},"130":{"start":{"line":131,"column":0},"end":{"line":131,"column":5}},"131":{"start":{"line":132,"column":0},"end":{"line":132,"column":0}},"132":{"start":{"line":133,"column":0},"end":{"line":133,"column":43}},"133":{"start":{"line":134,"column":0},"end":{"line":134,"column":0}},"134":{"start":{"line":135,"column":0},"end":{"line":135,"column":9}},"135":{"start":{"line":136,"column":0},"end":{"line":136,"column":91}},"136":{"start":{"line":137,"column":0},"end":{"line":137,"column":56}},"137":{"start":{"line":138,"column":0},"end":{"line":138,"column":59}},"138":{"start":{"line":139,"column":0},"end":{"line":139,"column":67}},"139":{"start":{"line":140,"column":0},"end":{"line":140,"column":46}},"140":{"start":{"line":141,"column":0},"end":{"line":141,"column":0}},"141":{"start":{"line":142,"column":0},"end":{"line":142,"column":148}},"142":{"start":{"line":143,"column":0},"end":{"line":143,"column":27}},"143":{"start":{"line":144,"column":0},"end":{"line":144,"column":27}},"144":{"start":{"line":145,"column":0},"end":{"line":145,"column":24}},"145":{"start":{"line":146,"column":0},"end":{"line":146,"column":21}},"146":{"start":{"line":147,"column":0},"end":{"line":147,"column":18}},"147":{"start":{"line":148,"column":0},"end":{"line":148,"column":17}},"148":{"start":{"line":149,"column":0},"end":{"line":149,"column":16}},"149":{"start":{"line":150,"column":0},"end":{"line":150,"column":10}},"150":{"start":{"line":151,"column":0},"end":{"line":151,"column":109}},"151":{"start":{"line":152,"column":0},"end":{"line":152,"column":0}},"152":{"start":{"line":153,"column":0},"end":{"line":153,"column":37}},"153":{"start":{"line":154,"column":0},"end":{"line":154,"column":63}},"154":{"start":{"line":155,"column":0},"end":{"line":155,"column":27}},"155":{"start":{"line":156,"column":0},"end":{"line":156,"column":90}},"156":{"start":{"line":157,"column":0},"end":{"line":157,"column":47}},"157":{"start":{"line":158,"column":0},"end":{"line":158,"column":56}},"158":{"start":{"line":159,"column":0},"end":{"line":159,"column":48}},"159":{"start":{"line":160,"column":0},"end":{"line":160,"column":42}},"160":{"start":{"line":161,"column":0},"end":{"line":161,"column":39}},"161":{"start":{"line":162,"column":0},"end":{"line":162,"column":15}},"162":{"start":{"line":163,"column":0},"end":{"line":163,"column":16}},"163":{"start":{"line":164,"column":0},"end":{"line":164,"column":123}},"164":{"start":{"line":165,"column":0},"end":{"line":165,"column":9}},"165":{"start":{"line":166,"column":0},"end":{"line":166,"column":21}},"166":{"start":{"line":167,"column":0},"end":{"line":167,"column":82}},"167":{"start":{"line":168,"column":0},"end":{"line":168,"column":5}},"168":{"start":{"line":169,"column":0},"end":{"line":169,"column":1}},"169":{"start":{"line":170,"column":0},"end":{"line":170,"column":0}},"170":{"start":{"line":171,"column":0},"end":{"line":171,"column":41}},"171":{"start":{"line":172,"column":0},"end":{"line":172,"column":28}},"172":{"start":{"line":173,"column":0},"end":{"line":173,"column":1}},"173":{"start":{"line":174,"column":0},"end":{"line":174,"column":0}},"174":{"start":{"line":175,"column":0},"end":{"line":175,"column":40}},"175":{"start":{"line":176,"column":0},"end":{"line":176,"column":9}},"176":{"start":{"line":177,"column":0},"end":{"line":177,"column":84}},"177":{"start":{"line":178,"column":0},"end":{"line":178,"column":60}},"178":{"start":{"line":179,"column":0},"end":{"line":179,"column":21}},"179":{"start":{"line":180,"column":0},"end":{"line":180,"column":81}},"180":{"start":{"line":181,"column":0},"end":{"line":181,"column":5}},"181":{"start":{"line":182,"column":0},"end":{"line":182,"column":1}}},"s":{"0":1,"1":1,"2":1,"3":1,"4":1,"5":1,"6":1,"7":1,"8":1,"9":1,"10":0,"11":0,"12":0,"13":0,"14":0,"15":0,"16":0,"17":0,"18":0,"19":0,"20":0,"21":1,"22":1,"23":1,"24":0,"25":0,"26":1,"27":1,"28":1,"29":1,"30":1,"31":1,"32":1,"33":1,"34":0,"35":0,"36":0,"37":0,"38":0,"39":0,"40":0,"41":0,"42":0,"43":0,"44":0,"45":0,"46":0,"47":0,"48":0,"49":1,"50":1,"51":0,"52":0,"53":0,"54":0,"55":0,"56":0,"57":0,"58":0,"59":1,"60":0,"61":0,"62":0,"63":0,"64":0,"65":0,"66":0,"67":0,"68":0,"69":0,"70":0,"71":0,"72":0,"73":0,"74":0,"75":0,"76":0,"77":0,"78":0,"79":0,"80":0,"81":0,"82":0,"83":0,"84":0,"85":0,"86":0,"87":0,"88":0,"89":0,"90":0,"91":0,"92":0,"93":0,"94":0,"95":0,"96":0,"97":0,"98":0,"99":0,"100":0,"101":0,"102":0,"103":0,"104":0,"105":0,"106":0,"107":0,"108":0,"109":0,"110":0,"111":0,"112":0,"113":0,"114":1,"115":1,"116":4,"117":4,"118":4,"119":4,"120":4,"121":4,"122":4,"123":4,"124":4,"125":0,"126":0,"127":0,"128":0,"129":0,"130":0,"131":0,"132":0,"133":0,"134":0,"135":4,"136":4,"137":4,"138":4,"139":4,"140":4,"141":4,"142":4,"143":4,"144":4,"145":4,"146":4,"147":4,"148":4,"149":4,"150":4,"151":4,"152":4,"153":4,"154":4,"155":0,"156":0,"157":0,"158":0,"159":0,"160":0,"161":0,"162":0,"163":0,"164":0,"165":4,"166":0,"167":0,"168":4,"169":1,"170":1,"171":0,"172":0,"173":1,"174":1,"175":4,"176":4,"177":4,"178":4,"179":0,"180":0,"181":4},"branchMap":{"0":{"type":"branch","line":24,"loc":{"start":{"line":24,"column":35},"end":{"line":26,"column":1}},"locations":[{"start":{"line":24,"column":35},"end":{"line":26,"column":1}}]},"1":{"type":"branch","line":116,"loc":{"start":{"line":116,"column":7},"end":{"line":169,"column":1}},"locations":[{"start":{"line":116,"column":7},"end":{"line":169,"column":1}}]},"2":{"type":"branch","line":125,"loc":{"start":{"line":125,"column":4},"end":{"line":136,"column":90}},"locations":[{"start":{"line":125,"column":4},"end":{"line":136,"column":90}}]},"3":{"type":"branch","line":137,"loc":{"start":{"line":137,"column":51},"end":{"line":137,"column":55}},"locations":[{"start":{"line":137,"column":51},"end":{"line":137,"column":55}}]},"4":{"type":"branch","line":139,"loc":{"start":{"line":139,"column":55},"end":{"line":139,"column":66}},"locations":[{"start":{"line":139,"column":55},"end":{"line":139,"column":66}}]},"5":{"type":"branch","line":155,"loc":{"start":{"line":155,"column":26},"end":{"line":165,"column":9}},"locations":[{"start":{"line":155,"column":26},"end":{"line":165,"column":9}}]},"6":{"type":"branch","line":166,"loc":{"start":{"line":166,"column":6},"end":{"line":168,"column":5}},"locations":[{"start":{"line":166,"column":6},"end":{"line":168,"column":5}}]},"7":{"type":"branch","line":175,"loc":{"start":{"line":175,"column":7},"end":{"line":182,"column":1}},"locations":[{"start":{"line":175,"column":7},"end":{"line":182,"column":1}}]},"8":{"type":"branch","line":179,"loc":{"start":{"line":179,"column":6},"end":{"line":181,"column":5}},"locations":[{"start":{"line":179,"column":6},"end":{"line":181,"column":5}}]}},"b":{"0":[0],"1":[4],"2":[0],"3":[0],"4":[0],"5":[0],"6":[0],"7":[4],"8":[0]},"fnMap":{"0":{"name":"debugInjection","decl":{"start":{"line":10,"column":7},"end":{"line":21,"column":1}},"loc":{"start":{"line":10,"column":7},"end":{"line":21,"column":1}},"line":10},"1":{"name":"getRoleValue","decl":{"start":{"line":35,"column":0},"end":{"line":49,"column":1}},"loc":{"start":{"line":35,"column":0},"end":{"line":49,"column":1}},"line":35},"2":{"name":"hasSummaries","decl":{"start":{"line":51,"column":7},"end":{"line":59,"column":1}},"loc":{"start":{"line":51,"column":7},"end":{"line":59,"column":1}},"line":51},"3":{"name":"collectSummaries","decl":{"start":{"line":61,"column":0},"end":{"line":114,"column":1}},"loc":{"start":{"line":61,"column":0},"end":{"line":114,"column":1}},"line":61},"4":{"name":"injectSummaries","decl":{"start":{"line":116,"column":7},"end":{"line":169,"column":1}},"loc":{"start":{"line":116,"column":7},"end":{"line":169,"column":1}},"line":116},"5":{"name":"updateInjection","decl":{"start":{"line":171,"column":7},"end":{"line":173,"column":1}},"loc":{"start":{"line":171,"column":7},"end":{"line":173,"column":1}},"line":171},"6":{"name":"clearInjection","decl":{"start":{"line":175,"column":7},"end":{"line":182,"column":1}},"loc":{"start":{"line":175,"column":7},"end":{"line":182,"column":1}},"line":175}},"f":{"0":0,"1":0,"2":0,"3":0,"4":4,"5":0,"6":4}}
,"/Users/stefano/src/SillyTavern-Launcher/SillyTavern/public/scripts/extensions/third-party/CacheFriendlyMemory/src/interceptor.js": {"path":"/Users/stefano/src/SillyTavern-Launcher/SillyTavern/public/scripts/extensions/third-party/CacheFriendlyMemory/src/interceptor.js","all":true,"statementMap":{"0":{"start":{"line":1,"column":0},"end":{"line":1,"column":55}},"1":{"start":{"line":2,"column":0},"end":{"line":2,"column":67}},"2":{"start":{"line":3,"column":0},"end":{"line":3,"column":60}},"3":{"start":{"line":4,"column":0},"end":{"line":4,"column":63}},"4":{"start":{"line":5,"column":0},"end":{"line":5,"column":44}},"5":{"start":{"line":6,"column":0},"end":{"line":6,"column":0}},"6":{"start":{"line":7,"column":0},"end":{"line":7,"column":86}},"7":{"start":{"line":8,"column":0},"end":{"line":8,"column":70}},"8":{"start":{"line":9,"column":0},"end":{"line":9,"column":37}},"9":{"start":{"line":10,"column":0},"end":{"line":10,"column":19}},"10":{"start":{"line":11,"column":0},"end":{"line":11,"column":67}},"11":{"start":{"line":12,"column":0},"end":{"line":12,"column":15}},"12":{"start":{"line":13,"column":0},"end":{"line":13,"column":5}},"13":{"start":{"line":14,"column":0},"end":{"line":14,"column":0}},"14":{"start":{"line":15,"column":0},"end":{"line":15,"column":42}},"15":{"start":{"line":16,"column":0},"end":{"line":16,"column":75}},"16":{"start":{"line":17,"column":0},"end":{"line":17,"column":15}},"17":{"start":{"line":18,"column":0},"end":{"line":18,"column":5}},"18":{"start":{"line":19,"column":0},"end":{"line":19,"column":0}},"19":{"start":{"line":20,"column":0},"end":{"line":20,"column":33}},"20":{"start":{"line":21,"column":0},"end":{"line":21,"column":110}},"21":{"start":{"line":22,"column":0},"end":{"line":22,"column":15}},"22":{"start":{"line":23,"column":0},"end":{"line":23,"column":5}},"23":{"start":{"line":24,"column":0},"end":{"line":24,"column":0}},"24":{"start":{"line":25,"column":0},"end":{"line":25,"column":84}},"25":{"start":{"line":26,"column":0},"end":{"line":26,"column":49}},"26":{"start":{"line":27,"column":0},"end":{"line":27,"column":0}},"27":{"start":{"line":28,"column":0},"end":{"line":28,"column":53}},"28":{"start":{"line":29,"column":0},"end":{"line":29,"column":116}},"29":{"start":{"line":30,"column":0},"end":{"line":30,"column":105}},"30":{"start":{"line":31,"column":0},"end":{"line":31,"column":15}},"31":{"start":{"line":32,"column":0},"end":{"line":32,"column":5}},"32":{"start":{"line":33,"column":0},"end":{"line":33,"column":0}},"33":{"start":{"line":34,"column":0},"end":{"line":34,"column":79}},"34":{"start":{"line":35,"column":0},"end":{"line":35,"column":28}},"35":{"start":{"line":36,"column":0},"end":{"line":36,"column":80}},"36":{"start":{"line":37,"column":0},"end":{"line":37,"column":0}},"37":{"start":{"line":38,"column":0},"end":{"line":38,"column":33}},"38":{"start":{"line":39,"column":0},"end":{"line":39,"column":49}},"39":{"start":{"line":40,"column":0},"end":{"line":40,"column":82}},"40":{"start":{"line":41,"column":0},"end":{"line":41,"column":0}},"41":{"start":{"line":42,"column":0},"end":{"line":42,"column":32}},"42":{"start":{"line":43,"column":0},"end":{"line":43,"column":30}},"43":{"start":{"line":44,"column":0},"end":{"line":44,"column":16}},"44":{"start":{"line":45,"column":0},"end":{"line":45,"column":5}},"45":{"start":{"line":46,"column":0},"end":{"line":46,"column":0}},"46":{"start":{"line":47,"column":0},"end":{"line":47,"column":90}},"47":{"start":{"line":48,"column":0},"end":{"line":48,"column":25}},"48":{"start":{"line":49,"column":0},"end":{"line":49,"column":0}},"49":{"start":{"line":50,"column":0},"end":{"line":50,"column":38}},"50":{"start":{"line":51,"column":0},"end":{"line":51,"column":32}},"51":{"start":{"line":52,"column":0},"end":{"line":52,"column":62}},"52":{"start":{"line":53,"column":0},"end":{"line":53,"column":0}},"53":{"start":{"line":54,"column":0},"end":{"line":54,"column":40}},"54":{"start":{"line":55,"column":0},"end":{"line":55,"column":21}},"55":{"start":{"line":56,"column":0},"end":{"line":56,"column":9}},"56":{"start":{"line":57,"column":0},"end":{"line":57,"column":0}},"57":{"start":{"line":58,"column":0},"end":{"line":58,"column":43}},"58":{"start":{"line":59,"column":0},"end":{"line":59,"column":44}},"59":{"start":{"line":60,"column":0},"end":{"line":60,"column":0}},"60":{"start":{"line":61,"column":0},"end":{"line":61,"column":23}},"61":{"start":{"line":62,"column":0},"end":{"line":62,"column":92}},"62":{"start":{"line":63,"column":0},"end":{"line":63,"column":5}},"63":{"start":{"line":64,"column":0},"end":{"line":64,"column":0}},"64":{"start":{"line":65,"column":0},"end":{"line":65,"column":94}},"65":{"start":{"line":66,"column":0},"end":{"line":66,"column":1}},"66":{"start":{"line":67,"column":0},"end":{"line":67,"column":0}},"67":{"start":{"line":68,"column":0},"end":{"line":68,"column":75}}},"s":{"0":0,"1":0,"2":0,"3":0,"4":0,"5":0,"6":0,"7":0,"8":0,"9":0,"10":0,"11":0,"12":0,"13":0,"14":0,"15":0,"16":0,"17":0,"18":0,"19":0,"20":0,"21":0,"22":0,"23":0,"24":0,"25":0,"26":0,"27":0,"28":0,"29":0,"30":0,"31":0,"32":0,"33":0,"34":0,"35":0,"36":0,"37":0,"38":0,"39":0,"40":0,"41":0,"42":0,"43":0,"44":0,"45":0,"46":0,"47":0,"48":0,"49":0,"50":0,"51":0,"52":0,"53":0,"54":0,"55":0,"56":0,"57":0,"58":0,"59":0,"60":0,"61":0,"62":0,"63":0,"64":0,"65":0,"66":0,"67":0},"branchMap":{"0":{"type":"branch","line":1,"loc":{"start":{"line":1,"column":0},"end":{"line":68,"column":-606}},"locations":[{"start":{"line":1,"column":0},"end":{"line":68,"column":-606}}]}},"b":{"0":[0]},"fnMap":{"0":{"name":"(empty-report)","decl":{"start":{"line":1,"column":0},"end":{"line":68,"column":-606}},"loc":{"start":{"line":1,"column":0},"end":{"line":68,"column":-606}},"line":1}},"f":{"0":0}}
,"/Users/stefano/src/SillyTavern-Launcher/SillyTavern/public/scripts/extensions/third-party/CacheFriendlyMemory/src/message-metadata.js": {"path":"/Users/stefano/src/SillyTavern-Launcher/SillyTavern/public/scripts/extensions/third-party/CacheFriendlyMemory/src/message-metadata.js","all":false,"statementMap":{"0":{"start":{"line":1,"column":0},"end":{"line":1,"column":44}},"1":{"start":{"line":2,"column":0},"end":{"line":2,"column":0}},"2":{"start":{"line":3,"column":0},"end":{"line":3,"column":43}},"3":{"start":{"line":4,"column":0},"end":{"line":4,"column":0}},"4":{"start":{"line":5,"column":0},"end":{"line":5,"column":57}},"5":{"start":{"line":6,"column":0},"end":{"line":6,"column":25}},"6":{"start":{"line":7,"column":0},"end":{"line":7,"column":27}},"7":{"start":{"line":8,"column":0},"end":{"line":8,"column":5}},"8":{"start":{"line":9,"column":0},"end":{"line":9,"column":39}},"9":{"start":{"line":10,"column":0},"end":{"line":10,"column":41}},"10":{"start":{"line":11,"column":0},"end":{"line":11,"column":5}},"11":{"start":{"line":12,"column":0},"end":{"line":12,"column":45}},"12":{"start":{"line":13,"column":0},"end":{"line":13,"column":0}},"13":{"start":{"line":14,"column":0},"end":{"line":14,"column":69}},"14":{"start":{"line":15,"column":0},"end":{"line":15,"column":58}},"15":{"start":{"line":16,"column":0},"end":{"line":16,"column":60}},"16":{"start":{"line":17,"column":0},"end":{"line":17,"column":9}},"17":{"start":{"line":18,"column":0},"end":{"line":18,"column":66}},"18":{"start":{"line":19,"column":0},"end":{"line":19,"column":57}},"19":{"start":{"line":20,"column":0},"end":{"line":20,"column":5}},"20":{"start":{"line":21,"column":0},"end":{"line":21,"column":1}},"21":{"start":{"line":22,"column":0},"end":{"line":22,"column":0}},"22":{"start":{"line":23,"column":0},"end":{"line":23,"column":50}},"23":{"start":{"line":24,"column":0},"end":{"line":24,"column":48}},"24":{"start":{"line":25,"column":0},"end":{"line":25,"column":1}},"25":{"start":{"line":26,"column":0},"end":{"line":26,"column":0}},"26":{"start":{"line":27,"column":0},"end":{"line":27,"column":46}},"27":{"start":{"line":28,"column":0},"end":{"line":28,"column":66}},"28":{"start":{"line":29,"column":0},"end":{"line":29,"column":49}},"29":{"start":{"line":30,"column":0},"end":{"line":30,"column":1}},"30":{"start":{"line":31,"column":0},"end":{"line":31,"column":0}},"31":{"start":{"line":32,"column":0},"end":{"line":32,"column":46}},"32":{"start":{"line":33,"column":0},"end":{"line":33,"column":66}},"33":{"start":{"line":34,"column":0},"end":{"line":34,"column":25}},"34":{"start":{"line":35,"column":0},"end":{"line":35,"column":1}},"35":{"start":{"line":36,"column":0},"end":{"line":36,"column":0}},"36":{"start":{"line":37,"column":0},"end":{"line":37,"column":66}},"37":{"start":{"line":38,"column":0},"end":{"line":38,"column":136}},"38":{"start":{"line":39,"column":0},"end":{"line":39,"column":59}},"39":{"start":{"line":40,"column":0},"end":{"line":40,"column":56}},"40":{"start":{"line":41,"column":0},"end":{"line":41,"column":51}},"41":{"start":{"line":42,"column":0},"end":{"line":42,"column":57}},"42":{"start":{"line":43,"column":0},"end":{"line":43,"column":108}},"43":{"start":{"line":44,"column":0},"end":{"line":44,"column":1}},"44":{"start":{"line":45,"column":0},"end":{"line":45,"column":0}},"45":{"start":{"line":46,"column":0},"end":{"line":46,"column":44}},"46":{"start":{"line":47,"column":0},"end":{"line":47,"column":58}},"47":{"start":{"line":48,"column":0},"end":{"line":48,"column":51}},"48":{"start":{"line":49,"column":0},"end":{"line":49,"column":50}},"49":{"start":{"line":50,"column":0},"end":{"line":50,"column":51}},"50":{"start":{"line":51,"column":0},"end":{"line":51,"column":1}},"51":{"start":{"line":52,"column":0},"end":{"line":52,"column":0}},"52":{"start":{"line":53,"column":0},"end":{"line":53,"column":44}},"53":{"start":{"line":54,"column":0},"end":{"line":54,"column":76}},"54":{"start":{"line":55,"column":0},"end":{"line":55,"column":0}},"55":{"start":{"line":56,"column":0},"end":{"line":56,"column":33}},"56":{"start":{"line":57,"column":0},"end":{"line":57,"column":40}},"57":{"start":{"line":58,"column":0},"end":{"line":58,"column":23}},"58":{"start":{"line":59,"column":0},"end":{"line":59,"column":0}},"59":{"start":{"line":60,"column":0},"end":{"line":60,"column":51}},"60":{"start":{"line":61,"column":0},"end":{"line":61,"column":29}},"61":{"start":{"line":62,"column":0},"end":{"line":62,"column":28}},"62":{"start":{"line":63,"column":0},"end":{"line":63,"column":33}},"63":{"start":{"line":64,"column":0},"end":{"line":64,"column":28}},"64":{"start":{"line":65,"column":0},"end":{"line":65,"column":33}},"65":{"start":{"line":66,"column":0},"end":{"line":66,"column":28}},"66":{"start":{"line":67,"column":0},"end":{"line":67,"column":33}},"67":{"start":{"line":68,"column":0},"end":{"line":68,"column":28}},"68":{"start":{"line":69,"column":0},"end":{"line":69,"column":9}},"69":{"start":{"line":70,"column":0},"end":{"line":70,"column":5}},"70":{"start":{"line":71,"column":0},"end":{"line":71,"column":0}},"71":{"start":{"line":72,"column":0},"end":{"line":72,"column":18}},"72":{"start":{"line":73,"column":0},"end":{"line":73,"column":1}},"73":{"start":{"line":74,"column":0},"end":{"line":74,"column":0}},"74":{"start":{"line":75,"column":0},"end":{"line":75,"column":44}},"75":{"start":{"line":76,"column":0},"end":{"line":76,"column":84}},"76":{"start":{"line":77,"column":0},"end":{"line":77,"column":1}},"77":{"start":{"line":78,"column":0},"end":{"line":78,"column":0}},"78":{"start":{"line":79,"column":0},"end":{"line":79,"column":42}},"79":{"start":{"line":80,"column":0},"end":{"line":80,"column":84}},"80":{"start":{"line":81,"column":0},"end":{"line":81,"column":1}}},"s":{"0":1,"1":1,"2":1,"3":1,"4":1,"5":20,"6":0,"7":0,"8":20,"9":5,"10":5,"11":20,"12":20,"13":20,"14":0,"15":0,"16":0,"17":0,"18":0,"19":0,"20":20,"21":1,"22":1,"23":20,"24":20,"25":1,"26":1,"27":0,"28":0,"29":0,"30":1,"31":1,"32":20,"33":20,"34":20,"35":1,"36":1,"37":0,"38":0,"39":0,"40":0,"41":0,"42":0,"43":0,"44":1,"45":1,"46":5,"47":5,"48":5,"49":5,"50":5,"51":1,"52":1,"53":0,"54":0,"55":0,"56":0,"57":0,"58":0,"59":0,"60":0,"61":0,"62":0,"63":0,"64":0,"65":0,"66":0,"67":0,"68":0,"69":0,"70":0,"71":0,"72":0,"73":1,"74":1,"75":0,"76":0,"77":1,"78":1,"79":0,"80":0},"branchMap":{"0":{"type":"branch","line":5,"loc":{"start":{"line":5,"column":7},"end":{"line":21,"column":1}},"locations":[{"start":{"line":5,"column":7},"end":{"line":21,"column":1}}]},"1":{"type":"branch","line":6,"loc":{"start":{"line":6,"column":24},"end":{"line":8,"column":5}},"locations":[{"start":{"line":6,"column":24},"end":{"line":8,"column":5}}]},"2":{"type":"branch","line":9,"loc":{"start":{"line":9,"column":38},"end":{"line":11,"column":5}},"locations":[{"start":{"line":9,"column":38},"end":{"line":11,"column":5}}]},"3":{"type":"branch","line":14,"loc":{"start":{"line":14,"column":25},"end":{"line":14,"column":66}},"locations":[{"start":{"line":14,"column":25},"end":{"line":14,"column":66}}]},"4":{"type":"branch","line":14,"loc":{"start":{"line":14,"column":68},"end":{"line":20,"column":5}},"locations":[{"start":{"line":14,"column":68},"end":{"line":20,"column":5}}]},"5":{"type":"branch","line":23,"loc":{"start":{"line":23,"column":7},"end":{"line":25,"column":1}},"locations":[{"start":{"line":23,"column":7},"end":{"line":25,"column":1}}]},"6":{"type":"branch","line":24,"loc":{"start":{"line":24,"column":40},"end":{"line":24,"column":47}},"locations":[{"start":{"line":24,"column":40},"end":{"line":24,"column":47}}]},"7":{"type":"branch","line":32,"loc":{"start":{"line":32,"column":7},"end":{"line":35,"column":1}},"locations":[{"start":{"line":32,"column":7},"end":{"line":35,"column":1}}]},"8":{"type":"branch","line":46,"loc":{"start":{"line":46,"column":7},"end":{"line":51,"column":1}},"locations":[{"start":{"line":46,"column":7},"end":{"line":51,"column":1}}]}},"b":{"0":[20],"1":[0],"2":[5],"3":[0],"4":[0],"5":[20],"6":[2],"7":[20],"8":[5]},"fnMap":{"0":{"name":"setMessageMetadata","decl":{"start":{"line":5,"column":7},"end":{"line":21,"column":1}},"loc":{"start":{"line":5,"column":7},"end":{"line":21,"column":1}},"line":5},"1":{"name":"getMessageMetadata","decl":{"start":{"line":23,"column":7},"end":{"line":25,"column":1}},"loc":{"start":{"line":23,"column":7},"end":{"line":25,"column":1}},"line":23},"2":{"name":"isMessageSummarized","decl":{"start":{"line":27,"column":7},"end":{"line":30,"column":1}},"loc":{"start":{"line":27,"column":7},"end":{"line":30,"column":1}},"line":27},"3":{"name":"getCompressionLevel","decl":{"start":{"line":32,"column":7},"end":{"line":35,"column":1}},"loc":{"start":{"line":32,"column":7},"end":{"line":35,"column":1}},"line":32},"4":{"name":"markMessageSummarized","decl":{"start":{"line":37,"column":7},"end":{"line":44,"column":1}},"loc":{"start":{"line":37,"column":7},"end":{"line":44,"column":1}},"line":37},"5":{"name":"markMessageActive","decl":{"start":{"line":46,"column":7},"end":{"line":51,"column":1}},"loc":{"start":{"line":46,"column":7},"end":{"line":51,"column":1}},"line":46},"6":{"name":"countMessagesByLevel","decl":{"start":{"line":53,"column":7},"end":{"line":73,"column":1}},"loc":{"start":{"line":53,"column":7},"end":{"line":73,"column":1}},"line":53},"7":{"name":"getUnsummarizedCount","decl":{"start":{"line":75,"column":7},"end":{"line":77,"column":1}},"loc":{"start":{"line":75,"column":7},"end":{"line":77,"column":1}},"line":75},"8":{"name":"getSummarizedCount","decl":{"start":{"line":79,"column":7},"end":{"line":81,"column":1}},"loc":{"start":{"line":79,"column":7},"end":{"line":81,"column":1}},"line":79}},"f":{"0":20,"1":20,"2":0,"3":20,"4":0,"5":5,"6":0,"7":0,"8":0}}
,"/Users/stefano/src/SillyTavern-Launcher/SillyTavern/public/scripts/extensions/third-party/CacheFriendlyMemory/src/prompts.js": {"path":"/Users/stefano/src/SillyTavern-Launcher/SillyTavern/public/scripts/extensions/third-party/CacheFriendlyMemory/src/prompts.js","all":false,"statementMap":{"0":{"start":{"line":1,"column":0},"end":{"line":1,"column":56}},"1":{"start":{"line":2,"column":0},"end":{"line":2,"column":55}},"2":{"start":{"line":3,"column":0},"end":{"line":3,"column":0}},"3":{"start":{"line":4,"column":0},"end":{"line":4,"column":41}},"4":{"start":{"line":5,"column":0},"end":{"line":5,"column":47}},"5":{"start":{"line":6,"column":0},"end":{"line":6,"column":77}},"6":{"start":{"line":7,"column":0},"end":{"line":7,"column":0}},"7":{"start":{"line":8,"column":0},"end":{"line":8,"column":53}},"8":{"start":{"line":9,"column":0},"end":{"line":9,"column":28}},"9":{"start":{"line":10,"column":0},"end":{"line":10,"column":5}},"10":{"start":{"line":11,"column":0},"end":{"line":11,"column":0}},"11":{"start":{"line":12,"column":0},"end":{"line":12,"column":34}},"12":{"start":{"line":13,"column":0},"end":{"line":13,"column":1}},"13":{"start":{"line":14,"column":0},"end":{"line":14,"column":0}},"14":{"start":{"line":15,"column":0},"end":{"line":15,"column":36}},"15":{"start":{"line":16,"column":0},"end":{"line":16,"column":111}},"16":{"start":{"line":17,"column":0},"end":{"line":17,"column":0}},"17":{"start":{"line":18,"column":0},"end":{"line":18,"column":11}},"18":{"start":{"line":19,"column":0},"end":{"line":19,"column":66}},"19":{"start":{"line":20,"column":0},"end":{"line":20,"column":55}},"20":{"start":{"line":21,"column":0},"end":{"line":21,"column":59}},"21":{"start":{"line":22,"column":0},"end":{"line":22,"column":56}},"22":{"start":{"line":23,"column":0},"end":{"line":23,"column":64}},"23":{"start":{"line":24,"column":0},"end":{"line":24,"column":61}},"24":{"start":{"line":25,"column":0},"end":{"line":25,"column":0}},"25":{"start":{"line":26,"column":0},"end":{"line":26,"column":39}},"26":{"start":{"line":27,"column":0},"end":{"line":27,"column":11}},"27":{"start":{"line":28,"column":0},"end":{"line":28,"column":35}},"28":{"start":{"line":29,"column":0},"end":{"line":29,"column":0}},"29":{"start":{"line":30,"column":0},"end":{"line":30,"column":80}},"30":{"start":{"line":31,"column":0},"end":{"line":31,"column":1}},"31":{"start":{"line":32,"column":0},"end":{"line":32,"column":0}},"32":{"start":{"line":33,"column":0},"end":{"line":33,"column":36}},"33":{"start":{"line":34,"column":0},"end":{"line":34,"column":97}},"34":{"start":{"line":35,"column":0},"end":{"line":35,"column":0}},"35":{"start":{"line":36,"column":0},"end":{"line":36,"column":11}},"36":{"start":{"line":37,"column":0},"end":{"line":37,"column":76}},"37":{"start":{"line":38,"column":0},"end":{"line":38,"column":71}},"38":{"start":{"line":39,"column":0},"end":{"line":39,"column":63}},"39":{"start":{"line":40,"column":0},"end":{"line":40,"column":61}},"40":{"start":{"line":41,"column":0},"end":{"line":41,"column":32}},"41":{"start":{"line":42,"column":0},"end":{"line":42,"column":59}},"42":{"start":{"line":43,"column":0},"end":{"line":43,"column":0}},"43":{"start":{"line":44,"column":0},"end":{"line":44,"column":39}},"44":{"start":{"line":45,"column":0},"end":{"line":45,"column":14}},"45":{"start":{"line":46,"column":0},"end":{"line":46,"column":42}},"46":{"start":{"line":47,"column":0},"end":{"line":47,"column":0}},"47":{"start":{"line":48,"column":0},"end":{"line":48,"column":80}},"48":{"start":{"line":49,"column":0},"end":{"line":49,"column":1}}},"s":{"0":1,"1":1,"2":1,"3":1,"4":2,"5":2,"6":2,"7":2,"8":0,"9":0,"10":2,"11":2,"12":2,"13":1,"14":1,"15":0,"16":0,"17":0,"18":0,"19":0,"20":0,"21":0,"22":0,"23":0,"24":0,"25":0,"26":0,"27":0,"28":0,"29":0,"30":0,"31":1,"32":1,"33":0,"34":0,"35":0,"36":0,"37":0,"38":0,"39":0,"40":0,"41":0,"42":0,"43":0,"44":0,"45":0,"46":0,"47":0,"48":0},"branchMap":{"0":{"type":"branch","line":4,"loc":{"start":{"line":4,"column":7},"end":{"line":13,"column":1}},"locations":[{"start":{"line":4,"column":7},"end":{"line":13,"column":1}}]},"1":{"type":"branch","line":6,"loc":{"start":{"line":6,"column":62},"end":{"line":6,"column":76}},"locations":[{"start":{"line":6,"column":62},"end":{"line":6,"column":76}}]},"2":{"type":"branch","line":8,"loc":{"start":{"line":8,"column":21},"end":{"line":8,"column":50}},"locations":[{"start":{"line":8,"column":21},"end":{"line":8,"column":50}}]},"3":{"type":"branch","line":8,"loc":{"start":{"line":8,"column":52},"end":{"line":10,"column":5}},"locations":[{"start":{"line":8,"column":52},"end":{"line":10,"column":5}}]}},"b":{"0":[2],"1":[0],"2":[0],"3":[0]},"fnMap":{"0":{"name":"loadCompressionPrompt","decl":{"start":{"line":4,"column":7},"end":{"line":13,"column":1}},"loc":{"start":{"line":4,"column":7},"end":{"line":13,"column":1}},"line":4},"1":{"name":"loadLevel2Prompt","decl":{"start":{"line":15,"column":7},"end":{"line":31,"column":1}},"loc":{"start":{"line":15,"column":7},"end":{"line":31,"column":1}},"line":15},"2":{"name":"loadLevel3Prompt","decl":{"start":{"line":33,"column":7},"end":{"line":49,"column":1}},"loc":{"start":{"line":33,"column":7},"end":{"line":49,"column":1}},"line":33}},"f":{"0":2,"1":0,"2":0}}
,"/Users/stefano/src/SillyTavern-Launcher/SillyTavern/public/scripts/extensions/third-party/CacheFriendlyMemory/src/storage.js": {"path":"/Users/stefano/src/SillyTavern-Launcher/SillyTavern/public/scripts/extensions/third-party/CacheFriendlyMemory/src/storage.js","all":true,"statementMap":{"0":{"start":{"line":1,"column":0},"end":{"line":1,"column":49}},"1":{"start":{"line":2,"column":0},"end":{"line":2,"column":75}},"2":{"start":{"line":3,"column":0},"end":{"line":3,"column":79}},"3":{"start":{"line":4,"column":0},"end":{"line":4,"column":44}},"4":{"start":{"line":5,"column":0},"end":{"line":5,"column":0}},"5":{"start":{"line":6,"column":0},"end":{"line":6,"column":43}},"6":{"start":{"line":7,"column":0},"end":{"line":7,"column":0}},"7":{"start":{"line":8,"column":0},"end":{"line":8,"column":3}},"8":{"start":{"line":9,"column":0},"end":{"line":9,"column":40}},"9":{"start":{"line":10,"column":0},"end":{"line":10,"column":3}},"10":{"start":{"line":11,"column":0},"end":{"line":11,"column":35}},"11":{"start":{"line":12,"column":0},"end":{"line":12,"column":56}},"12":{"start":{"line":13,"column":0},"end":{"line":13,"column":53}},"13":{"start":{"line":14,"column":0},"end":{"line":14,"column":12}},"14":{"start":{"line":15,"column":0},"end":{"line":15,"column":58}},"15":{"start":{"line":16,"column":0},"end":{"line":16,"column":5}},"16":{"start":{"line":17,"column":0},"end":{"line":17,"column":1}},"17":{"start":{"line":18,"column":0},"end":{"line":18,"column":0}},"18":{"start":{"line":19,"column":0},"end":{"line":19,"column":34}},"19":{"start":{"line":20,"column":0},"end":{"line":20,"column":33}},"20":{"start":{"line":21,"column":0},"end":{"line":21,"column":0}},"21":{"start":{"line":22,"column":0},"end":{"line":22,"column":33}},"22":{"start":{"line":23,"column":0},"end":{"line":23,"column":64}},"23":{"start":{"line":24,"column":0},"end":{"line":24,"column":20}},"24":{"start":{"line":25,"column":0},"end":{"line":25,"column":5}},"25":{"start":{"line":26,"column":0},"end":{"line":26,"column":0}},"26":{"start":{"line":27,"column":0},"end":{"line":27,"column":46}},"27":{"start":{"line":28,"column":0},"end":{"line":28,"column":48}},"28":{"start":{"line":29,"column":0},"end":{"line":29,"column":5}},"29":{"start":{"line":30,"column":0},"end":{"line":30,"column":0}},"30":{"start":{"line":31,"column":0},"end":{"line":31,"column":55}},"31":{"start":{"line":32,"column":0},"end":{"line":32,"column":0}},"32":{"start":{"line":33,"column":0},"end":{"line":33,"column":72}},"33":{"start":{"line":34,"column":0},"end":{"line":34,"column":64}},"34":{"start":{"line":35,"column":0},"end":{"line":35,"column":44}},"35":{"start":{"line":36,"column":0},"end":{"line":36,"column":51}},"36":{"start":{"line":37,"column":0},"end":{"line":37,"column":89}},"37":{"start":{"line":38,"column":0},"end":{"line":38,"column":0}},"38":{"start":{"line":39,"column":0},"end":{"line":39,"column":86}},"39":{"start":{"line":40,"column":0},"end":{"line":40,"column":106}},"40":{"start":{"line":41,"column":0},"end":{"line":41,"column":77}},"41":{"start":{"line":42,"column":0},"end":{"line":42,"column":91}},"42":{"start":{"line":43,"column":0},"end":{"line":43,"column":9}},"43":{"start":{"line":44,"column":0},"end":{"line":44,"column":21}},"44":{"start":{"line":45,"column":0},"end":{"line":45,"column":74}},"45":{"start":{"line":46,"column":0},"end":{"line":46,"column":7}},"46":{"start":{"line":47,"column":0},"end":{"line":47,"column":0}},"47":{"start":{"line":48,"column":0},"end":{"line":48,"column":166}},"48":{"start":{"line":49,"column":0},"end":{"line":49,"column":0}},"49":{"start":{"line":50,"column":0},"end":{"line":50,"column":19}},"50":{"start":{"line":51,"column":0},"end":{"line":51,"column":1}},"51":{"start":{"line":52,"column":0},"end":{"line":52,"column":0}},"52":{"start":{"line":53,"column":0},"end":{"line":53,"column":38}},"53":{"start":{"line":54,"column":0},"end":{"line":54,"column":33}},"54":{"start":{"line":55,"column":0},"end":{"line":55,"column":60}},"55":{"start":{"line":56,"column":0},"end":{"line":56,"column":0}},"56":{"start":{"line":57,"column":0},"end":{"line":57,"column":30}},"57":{"start":{"line":58,"column":0},"end":{"line":58,"column":48}},"58":{"start":{"line":59,"column":0},"end":{"line":59,"column":34}},"59":{"start":{"line":60,"column":0},"end":{"line":60,"column":34}},"60":{"start":{"line":61,"column":0},"end":{"line":61,"column":34}},"61":{"s
[...]
{"line":130,"column":0},"end":{"line":130,"column":0}},"130":{"start":{"line":131,"column":0},"end":{"line":131,"column":44}},"131":{"start":{"line":132,"column":0},"end":{"line":132,"column":9}},"132":{"start":{"line":133,"column":0},"end":{"line":133,"column":44}},"133":{"start":{"line":134,"column":0},"end":{"line":134,"column":41}},"134":{"start":{"line":135,"column":0},"end":{"line":135,"column":0}},"135":{"start":{"line":136,"column":0},"end":{"line":136,"column":23}},"136":{"start":{"line":137,"column":0},"end":{"line":137,"column":52}},"137":{"start":{"line":138,"column":0},"end":{"line":138,"column":9}},"138":{"start":{"line":139,"column":0},"end":{"line":139,"column":0}},"139":{"start":{"line":140,"column":0},"end":{"line":140,"column":37}},"140":{"start":{"line":141,"column":0},"end":{"line":141,"column":26}},"141":{"start":{"line":142,"column":0},"end":{"line":142,"column":50}},"142":{"start":{"line":143,"column":0},"end":{"line":143,"column":21}},"143":{"start":{"line":144,"column":0},"end":{"line":144,"column":65}},"144":{"start":{"line":145,"column":0},"end":{"line":145,"column":62}},"145":{"start":{"line":146,"column":0},"end":{"line":146,"column":5}},"146":{"start":{"line":147,"column":0},"end":{"line":147,"column":1}},"147":{"start":{"line":148,"column":0},"end":{"line":148,"column":0}},"148":{"start":{"line":149,"column":0},"end":{"line":149,"column":41}},"149":{"start":{"line":150,"column":0},"end":{"line":150,"column":54}},"150":{"start":{"line":151,"column":0},"end":{"line":151,"column":20}},"151":{"start":{"line":152,"column":0},"end":{"line":152,"column":75}},"152":{"start":{"line":153,"column":0},"end":{"line":153,"column":21}},"153":{"start":{"line":154,"column":0},"end":{"line":154,"column":5}},"154":{"start":{"line":155,"column":0},"end":{"line":155,"column":0}},"155":{"start":{"line":156,"column":0},"end":{"line":156,"column":53}},"156":{"start":{"line":157,"column":0},"end":{"line":157,"column":45}},"157":{"start":{"line":158,"column":0},"end":{"line":158,"column":5}},"158":{"start":{"line":159,"column":0},"end":{"line":159,"column":0}},"159":{"start":{"line":160,"column":0},"end":{"line":160,"column":28}},"160":{"start":{"line":161,"column":0},"end":{"line":161,"column":64}},"161":{"start":{"line":162,"column":0},"end":{"line":162,"column":16}},"162":{"start":{"line":163,"column":0},"end":{"line":163,"column":1}}},"s":{"0":0,"1":0,"2":0,"3":0,"4":0,"5":0,"6":0,"7":0,"8":0,"9":0,"10":0,"11":0,"12":0,"13":0,"14":0,"15":0,"16":0,"17":0,"18":0,"19":0,"20":0,"21":0,"22":0,"23":0,"24":0,"25":0,"26":0,"27":0,"28":0,"29":0,"30":0,"31":0,"32":0,"33":0,"34":0,"35":0,"36":0,"37":0,"38":0,"39":0,"40":0,"41":0,"42":0,"43":0,"44":0,"45":0,"46":0,"47":0,"48":0,"49":0,"50":0,"51":0,"52":0,"53":0,"54":0,"55":0,"56":0,"57":0,"58":0,"59":0,"60":0,"61":0,"62":0,"63":0,"64":0,"65":0,"66":0,"67":0,"68":0,"69":0,"70":0,"71":0,"72":0,"73":0,"74":0,"75":0,"76":0,"77":0,"78":0,"79":0,"80":0,"81":0,"82":0,"83":0,"84":0,"85":0,"86":0,"87":0,"88":0,"89":0,"90":0,"91":0,"92":0,"93":0,"94":0,"95":0,"96":0,"97":0,"98":0,"99":0,"100":0,"101":0,"102":0,"103":0,"104":0,"105":0,"106":0,"107":0,"108":0,"109":0,"110":0,"111":0,"112":0,"113":0,"114":0,"115":0,"116":0,"117":0,"118":0,"119":0,"120":0,"121":0,"122":0,"123":0,"124":0,"125":0,"126":0,"127":0,"128":0,"129":0,"130":0,"131":0,"132":0,"133":0,"134":0,"135":0,"136":0,"137":0,"138":0,"139":0,"140":0,"141":0,"142":0,"143":0,"144":0,"145":0,"146":0,"147":0,"148":0,"149":0,"150":0,"151":0,"152":0,"153":0,"154":0,"155":0,"156":0,"157":0,"158":0,"159":0,"160":0,"161":0,"162":0},"branchMap":{"0":{"type":"branch","line":1,"loc":{"start":{"line":1,"column":0},"end":{"line":163,"column":-1612}},"locations":[{"start":{"line":1,"column":0},"end":{"line":163,"column":-1612}}]}},"b":{"0":[0]},"fnMap":{"0":{"name":"(empty-report)","decl":{"start":{"line":1,"column":0},"end":{"line":163,"column":-1612}},"loc":{"start":{"line":1,"column":0},"end":{"line":163,"column":-1612}},"line":1}},"f":{"0":0}}
,"/Users/stefano/src/SillyTavern-Launcher/SillyTavern/public/scripts/extensions/third-party/CacheFriendlyMemory/src/logic/budget-calculation.js": {"path":"/Users/stefano/src/SillyTavern-Launcher/SillyTavern/public/scripts/extensions/third-party/CacheFriendlyMemory/src/logic/budget-calculation.js","all":false,"statementMap":{"0":{"start":{"line":1,"column":0},"end":{"line":1,"column":71}},"1":{"start":{"line":2,"column":0},"end":{"line":2,"column":77}},"2":{"start":{"line":3,"column":0},"end":{"line":3,"column":90}},"3":{"start":{"line":4,"column":0},"end":{"line":4,"column":69}},"4":{"start":{"line":5,"column":0},"end":{"line":5,"column":92}},"5":{"start":{"line":6,"column":0},"end":{"line":6,"column":0}},"6":{"start":{"line":7,"column":0},"end":{"line":7,"column":12}},"7":{"start":{"line":8,"column":0},"end":{"line":8,"column":25}},"8":{"start":{"line":9,"column":0},"end":{"line":9,"column":29}},"9":{"start":{"line":10,"column":0},"end":{"line":10,"column":24}},"10":{"start":{"line":11,"column":0},"end":{"line":11,"column":30}},"11":{"start":{"line":12,"column":0},"end":{"line":12,"column":25}},"12":{"start":{"line":13,"column":0},"end":{"line":13,"column":6}},"13":{"start":{"line":14,"column":0},"end":{"line":14,"column":1}}},"s":{"0":1,"1":1,"2":1,"3":1,"4":1,"5":1,"6":1,"7":1,"8":1,"9":1,"10":1,"11":1,"12":1,"13":1},"branchMap":{"0":{"type":"branch","line":1,"loc":{"start":{"line":1,"column":7},"end":{"line":14,"column":1}},"locations":[{"start":{"line":1,"column":7},"end":{"line":14,"column":1}}]}},"b":{"0":[1]},"fnMap":{"0":{"name":"calculateBudget","decl":{"start":{"line":1,"column":7},"end":{"line":14,"column":1}},"loc":{"start":{"line":1,"column":7},"end":{"line":14,"column":1}},"line":1}},"f":{"0":1}}
,"/Users/stefano/src/SillyTavern-Launcher/SillyTavern/public/scripts/extensions/third-party/CacheFriendlyMemory/src/logic/compaction-triggers.js": {"path":"/Users/stefano/src/SillyTavern-Launcher/SillyTavern/public/scripts/extensions/third-party/CacheFriendlyMemory/src/logic/compaction-triggers.js","all":false,"statementMap":{"0":{"start":{"line":1,"column":0},"end":{"line":1,"column":71}},"1":{"start":{"line":2,"column":0},"end":{"line":2,"column":75}},"2":{"start":{"line":3,"column":0},"end":{"line":3,"column":74}},"3":{"start":{"line":4,"column":0},"end":{"line":4,"column":23}},"4":{"start":{"line":5,"column":0},"end":{"line":5,"column":21}},"5":{"start":{"line":6,"column":0},"end":{"line":6,"column":5}},"6":{"start":{"line":7,"column":0},"end":{"line":7,"column":0}},"7":{"start":{"line":8,"column":0},"end":{"line":8,"column":89}},"8":{"start":{"line":9,"column":0},"end":{"line":9,"column":0}},"9":{"start":{"line":10,"column":0},"end":{"line":10,"column":89}},"10":{"start":{"line":11,"column":0},"end":{"line":11,"column":20}},"11":{"start":{"line":12,"column":0},"end":{"line":12,"column":5}},"12":{"start":{"line":13,"column":0},"end":{"line":13,"column":0}},"13":{"start":{"line":14,"column":0},"end":{"line":14,"column":17}},"14":{"start":{"line":15,"column":0},"end":{"line":15,"column":1}}},"s":{"0":1,"1":0,"2":0,"3":0,"4":0,"5":0,"6":0,"7":0,"8":0,"9":0,"10":0,"11":0,"12":0,"13":0,"14":0},"branchMap":{},"b":{},"fnMap":{"0":{"name":"shouldTriggerCompaction","decl":{"start":{"line":1,"column":7},"end":{"line":15,"column":1}},"loc":{"start":{"line":1,"column":7},"end":{"line":15,"column":1}},"line":1}},"f":{"0":0}}
,"/Users/stefano/src/SillyTavern-Launcher/SillyTavern/public/scripts/extensions/third-party/CacheFriendlyMemory/src/logic/context-building.js": {"path":"/Users/stefano/src/SillyTavern-Launcher/SillyTavern/public/scripts/extensions/third-party/CacheFriendlyMemory/src/logic/context-building.js","all":false,"statementMap":{"0":{"start":{"line":1,"column":0},"end":{"line":1,"column":53}},"1":{"start":{"line":2,"column":0},"end":{"line":2,"column":28}},"2":{"start":{"line":3,"column":0},"end":{"line":3,"column":0}},"3":{"start":{"line":4,"column":0},"end":{"line":4,"column":26}},"4":{"start":{"line":5,"column":0},"end":{"line":5,"column":66}},"5":{"start":{"line":6,"column":0},"end":{"line":6,"column":5}},"6":{"start":{"line":7,"column":0},"end":{"line":7,"column":0}},"7":{"start":{"line":8,"column":0},"end":{"line":8,"column":37}},"8":{"start":{"line":9,"column":0},"end":{"line":9,"column":49}},"9":{"start":{"line":10,"column":0},"end":{"line":10,"column":38}},"10":{"start":{"line":11,"column":0},"end":{"line":11,"column":38}},"11":{"start":{"line":12,"column":0},"end":{"line":12,"column":11}},"12":{"start":{"line":13,"column":0},"end":{"line":13,"column":30}},"13":{"start":{"line":14,"column":0},"end":{"line":14,"column":5}},"14":{"start":{"line":15,"column":0},"end":{"line":15,"column":0}},"15":{"start":{"line":16,"column":0},"end":{"line":16,"column":37}},"16":{"start":{"line":17,"column":0},"end":{"line":17,"column":45}},"17":{"start":{"line":18,"column":0},"end":{"line":18,"column":38}},"18":{"start":{"line":19,"column":0},"end":{"line":19,"column":38}},"19":{"start":{"line":20,"column":0},"end":{"line":20,"column":11}},"20":{"start":{"line":21,"column":0},"end":{"line":21,"column":30}},"21":{"start":{"line":22,"column":0},"end":{"line":22,"column":5}},"22":{"start":{"line":23,"column":0},"end":{"line":23,"column":0}},"23":{"start":{"line":24,"column":0},"end":{"line":24,"column":35}},"24":{"start":{"line":25,"column":0},"end":{"line":25,"column":1}}},"s":{"0":1,"1":2,"2":2,"3":2,"4":1,"5":1,"6":2,"7":2,"8":1,"9":1,"10":1,"11":1,"12":1,"13":1,"14":2,"15":2,"16":1,"17":1,"18":1,"19":1,"20":1,"21":1,"22":2,"23":2,"24":2},"branchMap":{"0":{"type":"branch","line":1,"loc":{"start":{"line":1,"column":7},"end":{"line":25,"column":1}},"locations":[{"start":{"line":1,"column":7},"end":{"line":25,"column":1}}]},"1":{"type":"branch","line":4,"loc":{"start":{"line":4,"column":25},"end":{"line":6,"column":5}},"locations":[{"start":{"line":4,"column":25},"end":{"line":6,"column":5}}]},"2":{"type":"branch","line":8,"loc":{"start":{"line":8,"column":36},"end":{"line":14,"column":5}},"locations":[{"start":{"line":8,"column":36},"end":{"line":14,"column":5}}]},"3":{"type":"branch","line":16,"loc":{"start":{"line":16,"column":36},"end":{"line":22,"column":5}},"locations":[{"start":{"line":16,"column":36},"end":{"line":22,"column":5}}]},"4":{"type":"branch","line":10,"loc":{"start":{"line":10,"column":32},"end":{"line":12,"column":9}},"locations":[{"start":{"line":10,"column":32},"end":{"line":12,"column":9}}]},"5":{"type":"branch","line":18,"loc":{"start":{"line":18,"column":32},"end":{"line":20,"column":9}},"locations":[{"start":{"line":18,"column":32},"end":{"line":20,"column":9}}]}},"b":{"0":[2],"1":[1],"2":[1],"3":[1],"4":[1],"5":[1]},"fnMap":{"0":{"name":"buildContextFromSummaries","decl":{"start":{"line":1,"column":7},"end":{"line":25,"column":1}},"loc":{"start":{"line":1,"column":7},"end":{"line":25,"column":1}},"line":1}},"f":{"0":2}}
,"/Users/stefano/src/SillyTavern-Launcher/SillyTavern/public/scripts/extensions/third-party/CacheFriendlyMemory/src/logic/fake-summarizer.js": {"path":"/Users/stefano/src/SillyTavern-Launcher/SillyTavern/public/scripts/extensions/third-party/CacheFriendlyMemory/src/logic/fake-summarizer.js","all":false,"statementMap":{"0":{"start":{"line":1,"column":0},"end":{"line":1,"column":45}},"1":{"start":{"line":2,"column":0},"end":{"line":2,"column":45}},"2":{"start":{"line":3,"column":0},"end":{"line":3,"column":44}},"3":{"start":{"line":4,"column":0},"end":{"line":4,"column":5}},"4":{"start":{"line":5,"column":0},"end":{"line":5,"column":0}},"5":{"start":{"line":6,"column":0},"end":{"line":6,"column":47}},"6":{"start":{"line":7,"column":0},"end":{"line":7,"column":64}},"7":{"start":{"line":8,"column":0},"end":{"line":8,"column":0}},"8":{"start":{"line":9,"column":0},"end":{"line":9,"column":86}},"9":{"start":{"line":10,"column":0},"end":{"line":10,"column":82}},"10":{"start":{"line":11,"column":0},"end":{"line":11,"column":0}},"11":{"start":{"line":12,"column":0},"end":{"line":12,"column":51}},"12":{"start":{"line":13,"column":0},"end":{"line":13,"column":1}}},"s":{"0":1,"1":0,"2":0,"3":0,"4":0,"5":0,"6":0,"7":0,"8":0,"9":0,"10":0,"11":0,"12":0},"branchMap":{},"b":{},"fnMap":{"0":{"name":"createFakeSummary","decl":{"start":{"line":1,"column":7},"end":{"line":13,"column":1}},"loc":{"start":{"line":1,"column":7},"end":{"line":13,"column":1}},"line":1}},"f":{"0":0}}
,"/Users/stefano/src/SillyTavern-Launcher/SillyTavern/public/scripts/extensions/third-party/CacheFriendlyMemory/src/logic/summary-selection.js": {"path":"/Users/stefano/src/SillyTavern-Launcher/SillyTavern/public/scripts/extensions/third-party/CacheFriendlyMemory/src/logic/summary-selection.js","all":false,"statementMap":{"0":{"start":{"line":1,"column":0},"end":{"line":1,"column":58}},"1":{"start":{"line":2,"column":0},"end":{"line":2,"column":42}},"2":{"start":{"line":3,"column":0},"end":{"line":3,"column":0}},"3":{"start":{"line":4,"column":0},"end":{"line":4,"column":76}},"4":{"start":{"line":5,"column":0},"end":{"line":5,"column":24}},"5":{"start":{"line":6,"column":0},"end":{"line":6,"column":0}},"6":{"start":{"line":7,"column":0},"end":{"line":7,"column":23}},"7":{"start":{"line":8,"column":0},"end":{"line":8,"column":0}},"8":{"start":{"line":9,"column":0},"end":{"line":9,"column":35}},"9":{"start":{"line":10,"column":0},"end":{"line":10,"column":56}},"10":{"start":{"line":11,"column":0},"end":{"line":11,"column":35}},"11":{"start":{"line":12,"column":0},"end":{"line":12,"column":45}},"12":{"start":{"line":13,"column":0},"end":{"line":13,"column":9}},"13":{"start":{"line":14,"column":0},"end":{"line":14,"column":5}},"14":{"start":{"line":15,"column":0},"end":{"line":15,"column":0}},"15":{"start":{"line":16,"column":0},"end":{"line":16,"column":20}},"16":{"start":{"line":17,"column":0},"end":{"line":17,"column":1}},"17":{"start":{"line":18,"column":0},"end":{"line":18,"column":0}},"18":{"start":{"line":19,"column":0},"end":{"line":19,"column":58}},"19":{"start":{"line":20,"column":0},"end":{"line":20,"column":42}},"20":{"start":{"line":21,"column":0},"end":{"line":21,"column":0}},"21":{"start":{"line":22,"column":0},"end":{"line":22,"column":76}},"22":{"start":{"line":23,"column":0},"end":{"line":23,"column":24}},"23":{"start":{"line":24,"column":0},"end":{"line":24,"column":0}},"24":{"start":{"line":25,"column":0},"end":{"line":25,"column":23}},"25":{"start":{"line":26,"column":0},"end":{"line":26,"column":0}},"26":{"start":{"line":27,"column":0},"end":{"line":27,"column":35}},"27":{"start":{"line":28,"column":0},"end":{"line":28,"column":56}},"28":{"start":{"line":29,"column":0},"end":{"line":29,"column":35}},"29":{"start":{"line":30,"column":0},"end":{"line":30,"column":45}},"30":{"start":{"line":31,"column":0},"end":{"line":31,"column":9}},"31":{"start":{"line":32,"column":0},"end":{"line":32,"column":5}},"32":{"start":{"line":33,"column":0},"end":{"line":33,"column":0}},"33":{"start":{"line":34,"column":0},"end":{"line":34,"column":20}},"34":{"start":{"line":35,"column":0},"end":{"line":35,"column":1}}},"s":{"0":1,"1":1,"2":1,"3":1,"4":1,"5":1,"6":1,"7":1,"8":1,"9":2,"10":2,"11":2,"12":2,"13":2,"14":1,"15":1,"16":1,"17":1,"18":1,"19":1,"20":1,"21":1,"22":1,"23":1,"24":1,"25":1,"26":1,"27":1,"28":1,"29":1,"30":1,"31":1,"32":1,"33":1,"34":1},"branchMap":{"0":{"type":"branch","line":1,"loc":{"start":{"line":1,"column":7},"end":{"line":17,"column":1}},"locations":[{"start":{"line":1,"column":7},"end":{"line":17,"column":1}}]},"1":{"type":"branch","line":2,"loc":{"start":{"line":2,"column":32},"end":{"line":2,"column":42}},"locations":[{"start":{"line":2,"column":32},"end":{"line":2,"column":42}}]},"2":{"type":"branch","line":9,"loc":{"start":{"line":9,"column":34},"end":{"line":14,"column":5}},"locations":[{"start":{"line":9,"column":34},"end":{"line":14,"column":5}}]},"3":{"type":"branch","line":4,"loc":{"start":{"line":4,"column":39},"end":{"line":4,"column":74}},"locations":[{"start":{"line":4,"column":39},"end":{"line":4,"column":74}}]},"4":{"type":"branch","line":19,"loc":{"start":{"line":19,"column":7},"end":{"line":35,"column":1}},"locations":[{"start":{"line":19,"column":7},"end":{"line":35,"column":1}}]},"5":{"type":"branch","line":20,"loc":{"start":{"line":20,"column":32},"end":{"line":20,"column":42}},"locations":[{"start":{"line":20,"column":32},"end":{"line":20,"column":42}}]}},"b":{"0":[1],"1":[0],"2":[2],"3":[1],"4":[1],"5":[0]},"fnMap":{"0":{"name":"selectLevel1Summaries","decl":{"start":{"line":1,"column":7},"end":{"line":17,"column":1}},"loc":{"start":{"line":1,"column":7},"end":{"line":17,"column":1}},"line":1},"1":{"name":"selectLevel2Summaries","decl":{"start":{"line":19,"column":7},"end":{"line":35,"column":1}},"loc":{"start":{"line":19,"column":7},"end":{"line":35,"column":1}},"line":19}},"f":{"0":1,"1":1}}
,"/Users/stefano/src/SillyTavern-Launcher/SillyTavern/public/scripts/extensions/third-party/CacheFriendlyMemory/src/logic/token-estimation.js": {"path":"/Users/stefano/src/SillyTavern-Launcher/SillyTavern/public/scripts/extensions/third-party/CacheFriendlyMemory/src/logic/token-estimation.js","all":false,"statementMap":{"0":{"start":{"line":1,"column":0},"end":{"line":1,"column":42}},"1":{"start":{"line":2,"column":0},"end":{"line":2,"column":38}},"2":{"start":{"line":3,"column":0},"end":{"line":3,"column":1}}},"s":{"0":1,"1":0,"2":0},"branchMap":{},"b":{},"fnMap":{"0":{"name":"estimateTokenCount","decl":{"start":{"line":1,"column":7},"end":{"line":3,"column":1}},"loc":{"start":{"line":1,"column":7},"end":{"line":3,"column":1}},"line":1}},"f":{"0":0}}
,"/Users/stefano/src/SillyTavern-Launcher/SillyTavern/public/scripts/extensions/third-party/CacheFriendlyMemory/src/utils/debug.js": {"path":"/Users/stefano/src/SillyTavern-Launcher/SillyTavern/public/scripts/extensions/third-party/CacheFriendlyMemory/src/utils/debug.js","all":false,"statementMap":{"0":{"start":{"line":1,"column":0},"end":{"line":1,"column":49}},"1":{"start":{"line":2,"column":0},"end":{"line":2,"column":0}},"2":{"start":{"line":3,"column":0},"end":{"line":3,"column":3}},"3":{"start":{"line":4,"column":0},"end":{"line":4,"column":60}},"4":{"start":{"line":5,"column":0},"end":{"line":5,"column":51}},"5":{"start":{"line":6,"column":0},"end":{"line":6,"column":2}},"6":{"start":{"line":7,"column":0},"end":{"line":7,"column":58}},"7":{"start":{"line":8,"column":0},"end":{"line":8,"column":3}},"8":{"start":{"line":9,"column":0},"end":{"line":9,"column":35}},"9":{"start":{"line":10,"column":0},"end":{"line":10,"column":41}},"10":{"start":{"line":11,"column":0},"end":{"line":11,"column":15}},"11":{"start":{"line":12,"column":0},"end":{"line":12,"column":5}},"12":{"start":{"line":13,"column":0},"end":{"line":13,"column":0}},"13":{"start":{"line":14,"column":0},"end":{"line":14,"column":52}},"14":{"start":{"line":15,"column":0},"end":{"line":15,"column":0}},"15":{"start":{"line":16,"column":0},"end":{"line":16,"column":20}},"16":{"start":{"line":17,"column":0},"end":{"line":17,"column":29}},"17":{"start":{"line":18,"column":0},"end":{"line":18,"column":5}},"18":{"start":{"line":19,"column":0},"end":{"line":19,"column":1}}},"s":{"0":1,"1":1,"2":1,"3":1,"4":1,"5":1,"6":1,"7":1,"8":1,"9":43,"10":0,"11":0,"12":43,"13":43,"14":43,"15":43,"16":0,"17":0,"18":43},"branchMap":{"0":{"type":"branch","line":9,"loc":{"start":{"line":9,"column":7},"end":{"line":19,"column":1}},"locations":[{"start":{"line":9,"column":7},"end":{"line":19,"column":1}}]},"1":{"type":"branch","line":10,"loc":{"start":{"line":10,"column":40},"end":{"line":12,"column":5}},"locations":[{"start":{"line":10,"column":40},"end":{"line":12,"column":5}}]},"2":{"type":"branch","line":16,"loc":{"start":{"line":16,"column":19},"end":{"line":18,"column":5}},"locations":[{"start":{"line":16,"column":19},"end":{"line":18,"column":5}}]}},"b":{"0":[43],"1":[0],"2":[0]},"fnMap":{"0":{"name":"debugLog","decl":{"start":{"line":9,"column":7},"end":{"line":19,"column":1}},"loc":{"start":{"line":9,"column":7},"end":{"line":19,"column":1}},"line":9}},"f":{"0":43}}
}
